
==========================================
=== 运营文档校验 (MARKET-OPS.md) ===
==========================================
✅ Google Services 配置正确: 1:76720591248:android:987978ad236e33ee7de315
✅ MARKET-OPS.md 文档存在
   海外版登录配置要求: Google + Apple (Facebook已禁用)
   协议地址: https://linkchest.net/terms | https://linkchest.net/privacy
==========================================

==========================================
=== WSL Instance: linkchest-global
=== Building GLOBAL flavor (MARKET=global) ===
==========================================
=== Written .env.market: global ===
=== Written .env.market.global: global ===
=== Written isolated .env.market.linkchest-global: global ===
=== Metro cache dir: /tmp/metro-cache-linkchest-global ===
=== Build log: /tmp/build-global-20260603-101421.log ===
=== JSON log: /tmp/build-global-20260603-101421.jsonl ===
=== 手动生成 app.config ===
[app.config.js] 最终 marketValue: "china"
[app.config.js] 环境变量 MARKET: "global"
[app.config.js] WSL_DISTRO_NAME: "linkchest-global"
✅ app.config 已生成
        "package": "cn.linkchest.app",
        "market": "china"
To honour the JVM settings for this build a single-use Daemon process will be forked. For more on this, please refer to https://docs.gradle.org/8.8/userguide/gradle_daemon.html#sec:disabling_the_daemon in the Gradle documentation.
Daemon will be stopped at the end of the build 
> Task :react-settings-plugin:checkKotlinGradlePluginConfigurationErrors
> Task :react-settings-plugin:compileKotlin UP-TO-DATE
> Task :react-settings-plugin:compileJava NO-SOURCE
> Task :react-settings-plugin:pluginDescriptors UP-TO-DATE
> Task :react-settings-plugin:processResources UP-TO-DATE
> Task :react-settings-plugin:classes UP-TO-DATE
> Task :react-settings-plugin:jar UP-TO-DATE
> Task :gradle-plugin:checkKotlinGradlePluginConfigurationErrors
> Task :gradle-plugin:compileKotlin UP-TO-DATE
> Task :gradle-plugin:compileJava NO-SOURCE
> Task :gradle-plugin:pluginDescriptors UP-TO-DATE
> Task :gradle-plugin:processResources UP-TO-DATE
> Task :gradle-plugin:classes UP-TO-DATE
> Task :gradle-plugin:jar UP-TO-DATE

> Configure project :expo

Using expo modules
  - [32mexpo-application[0m (5.9.1)
  - [32mexpo-asset[0m (10.0.10)
  - [32mexpo-clipboard[0m (6.0.3)
  - [32mexpo-constants[0m (16.0.2)
  - [32mexpo-crypto[0m (13.0.2)
  - [32mexpo-device[0m (6.0.2)
  - [32mexpo-document-picker[0m (12.0.2)
  - [32mexpo-file-system[0m (17.0.1)
  - [32mexpo-font[0m (12.0.10)
  - [32mexpo-image-loader[0m (4.7.0)
  - [32mexpo-image-picker[0m (15.0.7)
  - [32mexpo-keep-awake[0m (13.0.2)
  - [32mexpo-modules-core[0m (1.12.26)
  - [32mexpo-notifications[0m (0.28.19)
  - [32mexpo-secure-store[0m (13.0.2)
  - [32mexpo-web-browser[0m (13.0.3)


> Configure project :jcore-react-native
WARNING: Using flatDir should be avoided because it doesn't support any meta-data formats.

> Configure project :react-native-firebase_analytics
:react-native-firebase_analytics package.json found at /mnt/d/trae_projects/linkchest/project/node_modules/@react-native-firebase/analytics/package.json
:react-native-firebase_app package.json found at /mnt/d/trae_projects/linkchest/project/node_modules/@react-native-firebase/app/package.json
:react-native-firebase_analytics:firebase.bom using default value: 33.12.0
:react-native-firebase_analytics package.json found at /mnt/d/trae_projects/linkchest/project/node_modules/@react-native-firebase/analytics/package.json
:react-native-firebase_analytics:version set from package.json: 21.14.0 (21,14,0 - 21014000)
:react-native-firebase_analytics:android.compileSdk using custom value: 34
:react-native-firebase_analytics:android.targetSdk using custom value: 34
:react-native-firebase_analytics:android.minSdk using custom value: 23
:react-native-firebase_analytics:reactNativeAndroidDir /mnt/d/trae_projects/linkchest/project/node_modules/react-native/android

> Configure project :react-native-firebase_app
:react-native-firebase_app package.json found at /mnt/d/trae_projects/linkchest/project/node_modules/@react-native-firebase/app/package.json
:react-native-firebase_app:firebase.bom using default value: 33.12.0
:react-native-firebase_app:play.play-services-auth using default value: 21.3.0
:react-native-firebase_app package.json found at /mnt/d/trae_projects/linkchest/project/node_modules/@react-native-firebase/app/package.json
:react-native-firebase_app:version set from package.json: 21.14.0 (21,14,0 - 21014000)
:react-native-firebase_app:android.compileSdk using custom value: 34
:react-native-firebase_app:android.targetSdk using custom value: 34
:react-native-firebase_app:android.minSdk using custom value: 23
:react-native-firebase_app:reactNativeAndroidDir /mnt/d/trae_projects/linkchest/project/node_modules/react-native/android

> Configure project :react-native-firebase_messaging
:react-native-firebase_messaging package.json found at /mnt/d/trae_projects/linkchest/project/node_modules/@react-native-firebase/messaging/package.json
:react-native-firebase_app package.json found at /mnt/d/trae_projects/linkchest/project/node_modules/@react-native-firebase/app/package.json
:react-native-firebase_messaging:firebase.bom using default value: 33.12.0
:react-native-firebase_messaging package.json found at /mnt/d/trae_projects/linkchest/project/node_modules/@react-native-firebase/messaging/package.json
:react-native-firebase_messaging:version set from package.json: 21.14.0 (21,14,0 - 21014000)
:react-native-firebase_messaging:android.compileSdk using custom value: 34
:react-native-firebase_messaging:android.targetSdk using custom value: 34
:react-native-firebase_messaging:android.minSdk using custom value: 23
:react-native-firebase_messaging:reactNativeAndroidDir /mnt/d/trae_projects/linkchest/project/node_modules/react-native/android

> Task :expo-file-system:preBuild UP-TO-DATE
> Task :jpush-react-native:preBuild UP-TO-DATE
> Task :expo-keep-awake:preBuild UP-TO-DATE
> Task :expo-document-picker:preBuild UP-TO-DATE
> Task :jcore-react-native:preBuild UP-TO-DATE
> Task :expo-notifications:preBuild UP-TO-DATE
> Task :expo-clipboard:preBuild UP-TO-DATE
> Task :expo-secure-store:preBuild UP-TO-DATE
> Task :expo-font:preBuild UP-TO-DATE
> Task :expo-application:preBuild UP-TO-DATE
> Task :expo-asset:preBuild UP-TO-DATE
> Task :expo-crypto:preBuild UP-TO-DATE
> Task :expo-device:preBuild UP-TO-DATE
> Task :expo-web-browser:preBuild UP-TO-DATE
> Task :expo-modules-core:preBuild UP-TO-DATE
> Task :expo-image-loader:preBuild UP-TO-DATE
> Task :expo-image-picker:preBuild UP-TO-DATE
> Task :expo-device:preReleaseBuild UP-TO-DATE
> Task :expo-document-picker:preReleaseBuild UP-TO-DATE
> Task :expo-asset:preReleaseBuild UP-TO-DATE
> Task :expo-clipboard:preReleaseBuild UP-TO-DATE
> Task :expo-crypto:preReleaseBuild UP-TO-DATE
> Task :expo-application:preReleaseBuild UP-TO-DATE
> Task :expo-file-system:preReleaseBuild UP-TO-DATE
> Task :expo-modules-core:preReleaseBuild UP-TO-DATE
> Task :expo-image-loader:preReleaseBuild UP-TO-DATE
> Task :expo-image-picker:preReleaseBuild UP-TO-DATE
> Task :expo-secure-store:preReleaseBuild UP-TO-DATE
> Task :expo-web-browser:preReleaseBuild UP-TO-DATE
> Task :expo-notifications:preReleaseBuild UP-TO-DATE
> Task :expo-font:preReleaseBuild UP-TO-DATE
> Task :expo-keep-awake:preReleaseBuild UP-TO-DATE
> Task :jcore-react-native:preReleaseBuild UP-TO-DATE
> Task :jpush-react-native:preReleaseBuild UP-TO-DATE
> Task :expo-device:writeReleaseAarMetadata UP-TO-DATE
> Task :react-native-async-storage_async-storage:preBuild UP-TO-DATE
> Task :react-native-async-storage_async-storage:preReleaseBuild UP-TO-DATE
> Task :expo-clipboard:writeReleaseAarMetadata UP-TO-DATE
> Task :react-native-community_masked-view:preBuild UP-TO-DATE
> Task :react-native-community_masked-view:preReleaseBuild UP-TO-DATE
> Task :expo-file-system:writeReleaseAarMetadata UP-TO-DATE
> Task :react-native-firebase_analytics:preBuild UP-TO-DATE
> Task :react-native-firebase_analytics:preReleaseBuild UP-TO-DATE
> Task :expo-modules-core:writeReleaseAarMetadata UP-TO-DATE
> Task :react-native-firebase_app:preBuild UP-TO-DATE
> Task :react-native-firebase_app:preReleaseBuild UP-TO-DATE
> Task :expo-application:writeReleaseAarMetadata UP-TO-DATE
> Task :react-native-firebase_messaging:preBuild UP-TO-DATE
> Task :react-native-firebase_messaging:preReleaseBuild UP-TO-DATE
> Task :expo-crypto:writeReleaseAarMetadata UP-TO-DATE
> Task :react-native-gesture-handler:preBuild UP-TO-DATE
> Task :react-native-gesture-handler:preReleaseBuild UP-TO-DATE
> Task :expo:generateExpoModulesPackageListTask UP-TO-DATE
> Task :expo:preBuild UP-TO-DATE
> Task :expo:preReleaseBuild UP-TO-DATE
> Task :expo-web-browser:writeReleaseAarMetadata UP-TO-DATE
> Task :react-native-safe-area-context:preBuild UP-TO-DATE
> Task :expo-document-picker:writeReleaseAarMetadata UP-TO-DATE
> Task :react-native-safe-area-context:preReleaseBuild UP-TO-DATE
> Task :expo-secure-store:writeReleaseAarMetadata UP-TO-DATE
> Task :react-native-screens:preBuild UP-TO-DATE
> Task :react-native-screens:preReleaseBuild UP-TO-DATE
> Task :react-native-svg:preBuild UP-TO-DATE
> Task :expo-image-picker:writeReleaseAarMetadata UP-TO-DATE
> Task :react-native-svg:preReleaseBuild UP-TO-DATE
> Task :expo-constants:createExpoConfig UP-TO-DATE
> Task :react-native-vector-icons:preBuild UP-TO-DATE
> Task :expo-constants:preBuild UP-TO-DATE
> Task :jcore-react-native:writeReleaseAarMetadata UP-TO-DATE
> Task :expo-constants:preReleaseBuild UP-TO-DATE
> Task :react-native-vector-icons:preReleaseBuild UP-TO-DATE
> Task :expo-notifications:writeReleaseAarMetadata UP-TO-DATE
> Task :react-native-wechat-lib:preBuild UP-TO-DATE
> Task :react-native-wechat-lib:preReleaseBuild UP-TO-DATE
> Task :jpush-react-native:writeReleaseAarMetadata UP-TO-DATE
> Task :expo-keep-awake:writeReleaseAarMetadata UP-TO-DATE
> Task :expo-image-loader:writeReleaseAarMetadata UP-TO-DATE
> Task :expo-font:writeReleaseAarMetadata UP-TO-DATE
> Task :expo-asset:writeReleaseAarMetadata UP-TO-DATE
> Task :react-native-firebase_analytics:writeReleaseAarMetadata UP-TO-DATE
> Task :react-native-async-storage_async-storage:writeReleaseAarMetadata UP-TO-DATE
> Task :react-native-community_masked-view:writeReleaseAarMetadata UP-TO-DATE
> Task :react-native-firebase_app:writeReleaseAarMetadata UP-TO-DATE
> Task :react-native-firebase_messaging:writeReleaseAarMetadata UP-TO-DATE
> Task :react-native-gesture-handler:writeReleaseAarMetadata UP-TO-DATE
> Task :expo:writeReleaseAarMetadata UP-TO-DATE
> Task :react-native-safe-area-context:writeReleaseAarMetadata UP-TO-DATE
> Task :react-native-screens:writeReleaseAarMetadata UP-TO-DATE
> Task :react-native-svg:writeReleaseAarMetadata UP-TO-DATE
> Task :react-native-vector-icons:writeReleaseAarMetadata UP-TO-DATE
> Task :expo-constants:writeReleaseAarMetadata UP-TO-DATE
> Task :react-native-wechat-lib:writeReleaseAarMetadata UP-TO-DATE
> Task :expo-application:generateReleaseResValues UP-TO-DATE
> Task :expo-clipboard:generateReleaseResValues UP-TO-DATE
> Task :expo-application:generateReleaseResources UP-TO-DATE
> Task :expo-clipboard:generateReleaseResources UP-TO-DATE
> Task :expo-device:generateReleaseResValues UP-TO-DATE
> Task :expo-device:generateReleaseResources UP-TO-DATE
> Task :expo-document-picker:generateReleaseResValues UP-TO-DATE
> Task :expo-document-picker:generateReleaseResources UP-TO-DATE
> Task :expo-asset:generateReleaseResValues UP-TO-DATE
> Task :expo-asset:generateReleaseResources UP-TO-DATE
> Task :expo-crypto:generateReleaseResValues UP-TO-DATE
> Task :expo-crypto:generateReleaseResources UP-TO-DATE
> Task :expo-file-system:generateReleaseResValues UP-TO-DATE
> Task :expo-file-system:generateReleaseResources UP-TO-DATE
> Task :expo-font:generateReleaseResValues UP-TO-DATE
> Task :expo-font:generateReleaseResources UP-TO-DATE
> Task :expo-image-loader:generateReleaseResValues UP-TO-DATE
> Task :expo-image-loader:generateReleaseResources UP-TO-DATE
> Task :expo-image-picker:generateReleaseResValues UP-TO-DATE
> Task :expo-image-picker:generateReleaseResources UP-TO-DATE
> Task :expo-modules-core:generateReleaseResValues UP-TO-DATE
> Task :expo-modules-core:generateReleaseResources UP-TO-DATE
> Task :expo-keep-awake:generateReleaseResValues UP-TO-DATE
> Task :expo-keep-awake:generateReleaseResources UP-TO-DATE
> Task :expo:generateReleaseResValues UP-TO-DATE
> Task :expo:generateReleaseResources UP-TO-DATE
> Task :expo-secure-store:generateReleaseResValues UP-TO-DATE
> Task :expo-secure-store:generateReleaseResources UP-TO-DATE
> Task :expo-web-browser:generateReleaseResValues UP-TO-DATE
> Task :expo-web-browser:generateReleaseResources UP-TO-DATE
> Task :expo-constants:generateReleaseResValues UP-TO-DATE
> Task :expo-constants:generateReleaseResources UP-TO-DATE
> Task :jpush-react-native:generateReleaseResValues UP-TO-DATE
> Task :jpush-react-native:generateReleaseResources UP-TO-DATE
> Task :jcore-react-native:generateReleaseResValues UP-TO-DATE
> Task :jcore-react-native:generateReleaseResources UP-TO-DATE
> Task :expo-notifications:generateReleaseResValues UP-TO-DATE
> Task :expo-notifications:generateReleaseResources UP-TO-DATE
> Task :expo-web-browser:packageReleaseResources UP-TO-DATE
> Task :expo-font:packageReleaseResources UP-TO-DATE
> Task :jcore-react-native:packageReleaseResources UP-TO-DATE
> Task :expo-application:packageReleaseResources UP-TO-DATE
> Task :expo-modules-core:packageReleaseResources UP-TO-DATE
> Task :expo-keep-awake:packageReleaseResources UP-TO-DATE
> Task :expo-asset:packageReleaseResources UP-TO-DATE
> Task :expo:packageReleaseResources UP-TO-DATE
> Task :expo-document-picker:packageReleaseResources UP-TO-DATE
> Task :expo-file-system:packageReleaseResources UP-TO-DATE
> Task :react-native-async-storage_async-storage:generateReleaseResValues UP-TO-DATE
> Task :react-native-async-storage_async-storage:generateReleaseResources UP-TO-DATE
> Task :expo-notifications:packageReleaseResources UP-TO-DATE
> Task :expo-image-picker:packageReleaseResources UP-TO-DATE
> Task :expo-secure-store:packageReleaseResources UP-TO-DATE
> Task :expo-device:packageReleaseResources UP-TO-DATE
> Task :expo-clipboard:packageReleaseResources UP-TO-DATE
> Task :expo-crypto:packageReleaseResources UP-TO-DATE
> Task :react-native-firebase_app:generateReleaseResValues UP-TO-DATE
> Task :react-native-firebase_app:generateReleaseResources UP-TO-DATE
> Task :expo-constants:packageReleaseResources UP-TO-DATE
> Task :react-native-firebase_analytics:generateReleaseResValues UP-TO-DATE
> Task :react-native-community_masked-view:generateReleaseResValues UP-TO-DATE
> Task :react-native-community_masked-view:generateReleaseResources UP-TO-DATE
> Task :react-native-firebase_messaging:generateReleaseResValues UP-TO-DATE
> Task :expo-image-loader:packageReleaseResources UP-TO-DATE
> Task :react-native-firebase_analytics:generateReleaseResources UP-TO-DATE
> Task :react-native-gesture-handler:generateReleaseResValues UP-TO-DATE
> Task :react-native-firebase_messaging:generateReleaseResources UP-TO-DATE
> Task :react-native-safe-area-context:generateReleaseResValues UP-TO-DATE
> Task :react-native-gesture-handler:generateReleaseResources UP-TO-DATE
> Task :react-native-screens:generateReleaseResValues UP-TO-DATE
> Task :react-native-safe-area-context:generateReleaseResources UP-TO-DATE
> Task :react-native-svg:generateReleaseResValues UP-TO-DATE
> Task :expo:extractDeepLinksRelease UP-TO-DATE
> Task :react-native-screens:generateReleaseResources UP-TO-DATE
> Task :expo-application:extractDeepLinksRelease UP-TO-DATE
> Task :react-native-svg:generateReleaseResources UP-TO-DATE
> Task :expo-asset:extractDeepLinksRelease UP-TO-DATE
> Task :expo-clipboard:extractDeepLinksRelease UP-TO-DATE
> Task :react-native-vector-icons:generateReleaseResValues UP-TO-DATE
> Task :react-native-vector-icons:generateReleaseResources UP-TO-DATE
> Task :expo-crypto:extractDeepLinksRelease UP-TO-DATE
> Task :expo-constants:extractDeepLinksRelease UP-TO-DATE
> Task :react-native-wechat-lib:generateReleaseResValues UP-TO-DATE
> Task :react-native-wechat-lib:generateReleaseResources UP-TO-DATE
> Task :expo-asset:processReleaseManifest UP-TO-DATE
> Task :expo:processReleaseManifest UP-TO-DATE
> Task :expo-clipboard:processReleaseManifest UP-TO-DATE
> Task :jpush-react-native:packageReleaseResources UP-TO-DATE
> Task :expo-device:extractDeepLinksRelease UP-TO-DATE
> Task :expo-application:processReleaseManifest UP-TO-DATE
> Task :expo-document-picker:extractDeepLinksRelease UP-TO-DATE
> Task :expo-file-system:extractDeepLinksRelease UP-TO-DATE
> Task :expo-font:extractDeepLinksRelease UP-TO-DATE
> Task :expo-image-loader:extractDeepLinksRelease UP-TO-DATE
> Task :expo-image-picker:extractDeepLinksRelease UP-TO-DATE
> Task :react-native-firebase_analytics:packageReleaseResources UP-TO-DATE
> Task :react-native-safe-area-context:packageReleaseResources UP-TO-DATE
> Task :react-native-firebase_app:packageReleaseResources UP-TO-DATE
> Task :react-native-gesture-handler:packageReleaseResources UP-TO-DATE
> Task :react-native-svg:packageReleaseResources UP-TO-DATE
> Task :expo-keep-awake:extractDeepLinksRelease UP-TO-DATE
> Task :react-native-vector-icons:packageReleaseResources UP-TO-DATE
> Task :react-native-wechat-lib:packageReleaseResources UP-TO-DATE
> Task :react-native-community_masked-view:packageReleaseResources UP-TO-DATE
> Task :react-native-async-storage_async-storage:packageReleaseResources UP-TO-DATE
> Task :expo-modules-core:extractDeepLinksRelease UP-TO-DATE
> Task :react-native-firebase_messaging:packageReleaseResources UP-TO-DATE
> Task :expo-notifications:extractDeepLinksRelease UP-TO-DATE
> Task :expo-secure-store:extractDeepLinksRelease UP-TO-DATE
> Task :expo-web-browser:extractDeepLinksRelease UP-TO-DATE
> Task :jcore-react-native:extractDeepLinksRelease UP-TO-DATE
> Task :jpush-react-native:extractDeepLinksRelease UP-TO-DATE
> Task :expo-constants:processReleaseManifest UP-TO-DATE
> Task :expo-crypto:processReleaseManifest UP-TO-DATE
> Task :react-native-community_masked-view:extractDeepLinksRelease UP-TO-DATE
> Task :expo-device:processReleaseManifest UP-TO-DATE
> Task :expo-document-picker:processReleaseManifest UP-TO-DATE
> Task :react-native-async-storage_async-storage:extractDeepLinksRelease UP-TO-DATE
> Task :expo-file-system:processReleaseManifest UP-TO-DATE
> Task :expo-font:processReleaseManifest UP-TO-DATE
> Task :expo-image-loader:processReleaseManifest UP-TO-DATE
> Task :react-native-firebase_analytics:extractDeepLinksRelease UP-TO-DATE
> Task :expo-image-picker:processReleaseManifest UP-TO-DATE
> Task :react-native-firebase_app:extractDeepLinksRelease UP-TO-DATE
> Task :react-native-firebase_messaging:extractDeepLinksRelease UP-TO-DATE
> Task :react-native-screens:packageReleaseResources UP-TO-DATE
> Task :react-native-gesture-handler:extractDeepLinksRelease UP-TO-DATE
> Task :react-native-safe-area-context:extractDeepLinksRelease UP-TO-DATE
> Task :react-native-vector-icons:extractDeepLinksRelease UP-TO-DATE
> Task :react-native-svg:extractDeepLinksRelease UP-TO-DATE
> Task :react-native-wechat-lib:extractDeepLinksRelease UP-TO-DATE
> Task :expo:compileReleaseLibraryResources UP-TO-DATE
> Task :react-native-screens:extractDeepLinksRelease UP-TO-DATE
> Task :expo:parseReleaseLocalResources UP-TO-DATE
> Task :expo-keep-awake:processReleaseManifest UP-TO-DATE
> Task :expo-application:compileReleaseLibraryResources UP-TO-DATE
> Task :expo-modules-core:processReleaseManifest UP-TO-DATE
> Task :expo-notifications:processReleaseManifest UP-TO-DATE
> Task :jcore-react-native:processReleaseManifest UP-TO-DATE
> Task :expo-secure-store:processReleaseManifest UP-TO-DATE
> Task :jpush-react-native:processReleaseManifest UP-TO-DATE
> Task :expo-application:parseReleaseLocalResources UP-TO-DATE
> Task :expo-web-browser:processReleaseManifest UP-TO-DATE
> Task :expo-asset:compileReleaseLibraryResources UP-TO-DATE
> Task :expo-clipboard:compileReleaseLibraryResources UP-TO-DATE
> Task :react-native-firebase_analytics:processReleaseManifest UP-TO-DATE
> Task :expo-constants:compileReleaseLibraryResources UP-TO-DATE
> Task :react-native-async-storage_async-storage:processReleaseManifest UP-TO-DATE
> Task :react-native-firebase_app:processReleaseManifest UP-TO-DATE
> Task :expo-crypto:compileReleaseLibraryResources UP-TO-DATE
> Task :expo:generateReleaseRFile UP-TO-DATE
> Task :react-native-firebase_messaging:processReleaseManifest UP-TO-DATE
> Task :react-native-community_masked-view:processReleaseManifest UP-TO-DATE
> Task :react-native-vector-icons:processReleaseManifest UP-TO-DATE
> Task :react-native-gesture-handler:processReleaseManifest UP-TO-DATE
> Task :react-native-safe-area-context:processReleaseManifest UP-TO-DATE
> Task :react-native-svg:processReleaseManifest UP-TO-DATE
> Task :react-native-wechat-lib:processReleaseManifest UP-TO-DATE
> Task :expo-device:compileReleaseLibraryResources UP-TO-DATE
> Task :react-native-screens:processReleaseManifest UP-TO-DATE
> Task :expo-asset:parseReleaseLocalResources UP-TO-DATE
> Task :expo-clipboard:parseReleaseLocalResources UP-TO-DATE
> Task :expo-document-picker:compileReleaseLibraryResources UP-TO-DATE
> Task :expo-constants:parseReleaseLocalResources UP-TO-DATE
> Task :expo-file-system:compileReleaseLibraryResources UP-TO-DATE
> Task :expo-crypto:parseReleaseLocalResources UP-TO-DATE
> Task :expo-font:compileReleaseLibraryResources UP-TO-DATE
> Task :expo-image-loader:compileReleaseLibraryResources UP-TO-DATE
> Task :expo-device:parseReleaseLocalResources UP-TO-DATE
> Task :expo-keep-awake:compileReleaseLibraryResources UP-TO-DATE
> Task :expo-modules-core:compileReleaseLibraryResources UP-TO-DATE
> Task :expo-image-picker:compileReleaseLibraryResources UP-TO-DATE
> Task :expo-file-system:parseReleaseLocalResources UP-TO-DATE
> Task :expo-secure-store:compileReleaseLibraryResources UP-TO-DATE
> Task :expo-web-browser:compileReleaseLibraryResources UP-TO-DATE
> Task :jcore-react-native:compileReleaseLibraryResources UP-TO-DATE
> Task :app:buildKotlinToolingMetadata UP-TO-DATE
> Task :expo-font:parseReleaseLocalResources UP-TO-DATE
> Task :app:checkKotlinGradlePluginConfigurationErrors
> Task :expo-document-picker:parseReleaseLocalResources UP-TO-DATE
> Task :app:generateCodegenSchemaFromJavaScript SKIPPED
> Task :app:generateCodegenArtifactsFromSchema SKIPPED
> Task :react-native-async-storage_async-storage:compileReleaseLibraryResources UP-TO-DATE
> Task :expo-notifications:compileReleaseLibraryResources UP-TO-DATE
> Task :expo-image-loader:parseReleaseLocalResources UP-TO-DATE
> Task :expo-modules-core:parseReleaseLocalResources UP-TO-DATE
> Task :expo-keep-awake:parseReleaseLocalResources UP-TO-DATE
> Task :expo-image-picker:parseReleaseLocalResources UP-TO-DATE
> Task :expo-secure-store:parseReleaseLocalResources UP-TO-DATE
> Task :expo-web-browser:parseReleaseLocalResources UP-TO-DATE
> Task :jcore-react-native:parseReleaseLocalResources UP-TO-DATE
> Task :expo-notifications:parseReleaseLocalResources UP-TO-DATE
> Task :react-native-async-storage_async-storage:parseReleaseLocalResources UP-TO-DATE
> Task :expo-application:generateReleaseRFile UP-TO-DATE
> Task :jpush-react-native:compileReleaseLibraryResources UP-TO-DATE
> Task :app:generatePackageList
> Task :app:preBuild
> Task :app:preGlobalReleaseBuild
> Task :expo-clipboard:generateReleaseRFile UP-TO-DATE
> Task :expo-asset:generateReleaseRFile UP-TO-DATE
> Task :expo-constants:generateReleaseRFile UP-TO-DATE
> Task :expo-device:generateReleaseRFile UP-TO-DATE
> Task :jpush-react-native:parseReleaseLocalResources UP-TO-DATE
> Task :expo-file-system:generateReleaseRFile UP-TO-DATE
> Task :react-native-community_masked-view:compileReleaseLibraryResources UP-TO-DATE
> Task :react-native-firebase_analytics:compileReleaseLibraryResources UP-TO-DATE
> Task :react-native-firebase_app:compileReleaseLibraryResources UP-TO-DATE
> Task :expo-font:generateReleaseRFile UP-TO-DATE
> Task :react-native-firebase_messaging:compileReleaseLibraryResources UP-TO-DATE
> Task :expo-document-picker:generateReleaseRFile UP-TO-DATE
> Task :react-native-gesture-handler:compileReleaseLibraryResources UP-TO-DATE
> Task :expo-crypto:generateReleaseRFile UP-TO-DATE
> Task :app:generateGlobalReleaseBuildConfig UP-TO-DATE
> Task :react-native-community_masked-view:parseReleaseLocalResources UP-TO-DATE
> Task :react-native-safe-area-context:compileReleaseLibraryResources UP-TO-DATE
> Task :expo-image-loader:generateReleaseRFile UP-TO-DATE
> Task :react-native-firebase_analytics:parseReleaseLocalResources UP-TO-DATE
> Task :react-native-firebase_app:parseReleaseLocalResources UP-TO-DATE
> Task :expo-keep-awake:generateReleaseRFile UP-TO-DATE
> Task :expo:checkKotlinGradlePluginConfigurationErrors
> Task :expo-modules-core:generateReleaseRFile UP-TO-DATE
> Task :expo-application:checkKotlinGradlePluginConfigurationErrors
> Task :expo-image-picker:generateReleaseRFile UP-TO-DATE
> Task :expo-modules-core:checkKotlinGradlePluginConfigurationErrors
> Task :react-native-firebase_messaging:parseReleaseLocalResources UP-TO-DATE
> Task :expo-secure-store:generateReleaseRFile UP-TO-DATE
> Task :expo-asset:checkKotlinGradlePluginConfigurationErrors
> Task :expo-web-browser:generateReleaseRFile UP-TO-DATE
> Task :expo-clipboard:checkKotlinGradlePluginConfigurationErrors
> Task :jcore-react-native:generateReleaseRFile UP-TO-DATE
> Task :expo-constants:checkKotlinGradlePluginConfigurationErrors
> Task :react-native-gesture-handler:parseReleaseLocalResources UP-TO-DATE
> Task :react-native-svg:compileReleaseLibraryResources UP-TO-DATE
> Task :expo-notifications:generateReleaseRFile UP-TO-DATE
> Task :expo-crypto:checkKotlinGradlePluginConfigurationErrors
> Task :react-native-vector-icons:compileReleaseLibraryResources UP-TO-DATE
> Task :react-native-safe-area-context:parseReleaseLocalResources UP-TO-DATE
> Task :react-native-async-storage_async-storage:generateReleaseRFile UP-TO-DATE
> Task :expo-device:checkKotlinGradlePluginConfigurationErrors
> Task :jpush-react-native:generateReleaseRFile UP-TO-DATE
> Task :expo-document-picker:checkKotlinGradlePluginConfigurationErrors
> Task :react-native-wechat-lib:compileReleaseLibraryResources UP-TO-DATE
> Task :react-native-screens:compileReleaseLibraryResources UP-TO-DATE
> Task :react-native-svg:parseReleaseLocalResources UP-TO-DATE
> Task :react-native-vector-icons:parseReleaseLocalResources UP-TO-DATE
> Task :expo:generateReleaseBuildConfig UP-TO-DATE
> Task :expo-file-system:checkKotlinGradlePluginConfigurationErrors
> Task :expo-application:generateReleaseBuildConfig UP-TO-DATE
> Task :expo-modules-core:generateReleaseBuildConfig UP-TO-DATE
> Task :react-native-wechat-lib:parseReleaseLocalResources UP-TO-DATE
> Task :react-native-screens:parseReleaseLocalResources UP-TO-DATE
> Task :expo-clipboard:generateReleaseBuildConfig UP-TO-DATE
> Task :expo-constants:generateReleaseBuildConfig UP-TO-DATE
> Task :expo-asset:generateReleaseBuildConfig UP-TO-DATE
> Task :expo-crypto:generateReleaseBuildConfig UP-TO-DATE
> Task :expo-application:javaPreCompileRelease UP-TO-DATE
> Task :expo-font:checkKotlinGradlePluginConfigurationErrors
> Task :expo-device:generateReleaseBuildConfig UP-TO-DATE
> Task :expo-document-picker:generateReleaseBuildConfig UP-TO-DATE
> Task :expo-clipboard:javaPreCompileRelease UP-TO-DATE
> Task :expo-image-loader:checkKotlinGradlePluginConfigurationErrors
> Task :expo-constants:javaPreCompileRelease UP-TO-DATE
> Task :expo-image-picker:checkKotlinGradlePluginConfigurationErrors
> Task :expo-asset:javaPreCompileRelease UP-TO-DATE
> Task :expo-keep-awake:checkKotlinGradlePluginConfigurationErrors
> Task :expo-crypto:javaPreCompileRelease UP-TO-DATE
> Task :expo-notifications:checkKotlinGradlePluginConfigurationErrors
> Task :expo-file-system:generateReleaseBuildConfig UP-TO-DATE
> Task :expo-document-picker:javaPreCompileRelease UP-TO-DATE
> Task :expo-secure-store:checkKotlinGradlePluginConfigurationErrors
> Task :expo-device:javaPreCompileRelease UP-TO-DATE
> Task :expo-web-browser:checkKotlinGradlePluginConfigurationErrors
> Task :react-native-community_masked-view:generateReleaseRFile UP-TO-DATE
> Task :react-native-firebase_analytics:generateReleaseRFile UP-TO-DATE
> Task :expo-file-system:javaPreCompileRelease UP-TO-DATE
> Task :expo-font:generateReleaseBuildConfig UP-TO-DATE
> Task :react-native-firebase_messaging:generateReleaseRFile UP-TO-DATE
> Task :react-native-gesture-handler:generateReleaseRFile UP-TO-DATE
> Task :expo-image-loader:generateReleaseBuildConfig UP-TO-DATE
> Task :expo-image-picker:generateReleaseBuildConfig UP-TO-DATE
> Task :react-native-safe-area-context:generateReleaseRFile UP-TO-DATE
> Task :expo-keep-awake:generateReleaseBuildConfig UP-TO-DATE
> Task :expo-notifications:generateReleaseBuildConfig UP-TO-DATE
> Task :react-native-firebase_app:generateReleaseRFile UP-TO-DATE
> Task :expo-secure-store:generateReleaseBuildConfig UP-TO-DATE
> Task :react-native-svg:generateReleaseRFile UP-TO-DATE
> Task :expo:javaPreCompileRelease UP-TO-DATE
> Task :react-native-gesture-handler:checkKotlinGradlePluginConfigurationErrors
> Task :react-native-vector-icons:generateReleaseRFile UP-TO-DATE
> Task :react-native-safe-area-context:checkKotlinGradlePluginConfigurationErrors
> Task :expo-font:javaPreCompileRelease UP-TO-DATE
> Task :expo-web-browser:generateReleaseBuildConfig UP-TO-DATE
> Task :react-native-wechat-lib:generateReleaseRFile UP-TO-DATE
> Task :expo-image-loader:javaPreCompileRelease UP-TO-DATE
> Task :react-native-screens:generateReleaseRFile UP-TO-DATE
> Task :react-native-screens:checkKotlinGradlePluginConfigurationErrors
> Task :jcore-react-native:generateReleaseBuildConfig UP-TO-DATE
> Task :expo-keep-awake:javaPreCompileRelease UP-TO-DATE
> Task :expo-notifications:javaPreCompileRelease UP-TO-DATE
> Task :expo-image-picker:javaPreCompileRelease UP-TO-DATE
> Task :expo-secure-store:javaPreCompileRelease UP-TO-DATE
> Task :react-native-async-storage_async-storage:generateReleaseBuildConfig UP-TO-DATE
> Task :jpush-react-native:generateReleaseBuildConfig UP-TO-DATE
> Task :react-native-community_masked-view:generateReleaseBuildConfig UP-TO-DATE
> Task :expo-web-browser:javaPreCompileRelease UP-TO-DATE
> Task :react-native-firebase_app:generateReleaseBuildConfig UP-TO-DATE
> Task :react-native-firebase_analytics:generateReleaseBuildConfig UP-TO-DATE
> Task :jcore-react-native:javaPreCompileRelease UP-TO-DATE
> Task :react-native-firebase_messaging:generateReleaseBuildConfig UP-TO-DATE
> Task :react-native-gesture-handler:generateReleaseBuildConfig UP-TO-DATE
> Task :react-native-safe-area-context:generateReleaseBuildConfig UP-TO-DATE
> Task :react-native-svg:generateReleaseBuildConfig UP-TO-DATE
> Task :react-native-async-storage_async-storage:javaPreCompileRelease UP-TO-DATE
> Task :react-native-wechat-lib:generateReleaseBuildConfig UP-TO-DATE
> Task :react-native-community_masked-view:javaPreCompileRelease UP-TO-DATE
> Task :jpush-react-native:javaPreCompileRelease UP-TO-DATE
> Task :expo:mergeReleaseJniLibFolders UP-TO-DATE
> Task :react-native-firebase_app:javaPreCompileRelease UP-TO-DATE
> Task :expo-asset:mergeReleaseJniLibFolders UP-TO-DATE
> Task :expo-application:mergeReleaseJniLibFolders UP-TO-DATE
> Task :react-native-screens:generateReleaseBuildConfig UP-TO-DATE
> Task :expo-clipboard:mergeReleaseJniLibFolders UP-TO-DATE
> Task :react-native-firebase_messaging:javaPreCompileRelease UP-TO-DATE
> Task :react-native-firebase_analytics:javaPreCompileRelease UP-TO-DATE
> Task :expo-constants:mergeReleaseJniLibFolders UP-TO-DATE
> Task :react-native-vector-icons:generateReleaseBuildConfig UP-TO-DATE
> Task :react-native-svg:javaPreCompileRelease UP-TO-DATE
> Task :react-native-wechat-lib:javaPreCompileRelease UP-TO-DATE
> Task :expo-asset:mergeReleaseNativeLibs NO-SOURCE
> Task :expo:mergeReleaseNativeLibs NO-SOURCE
> Task :expo-clipboard:mergeReleaseNativeLibs NO-SOURCE
> Task :expo-application:mergeReleaseNativeLibs NO-SOURCE
> Task :expo-constants:mergeReleaseNativeLibs NO-SOURCE
> Task :react-native-vector-icons:javaPreCompileRelease UP-TO-DATE
> Task :expo-asset:stripReleaseDebugSymbols NO-SOURCE
> Task :expo:stripReleaseDebugSymbols NO-SOURCE
> Task :expo-application:stripReleaseDebugSymbols NO-SOURCE
> Task :expo-constants:stripReleaseDebugSymbols NO-SOURCE
> Task :expo-clipboard:stripReleaseDebugSymbols NO-SOURCE
> Task :expo-device:mergeReleaseJniLibFolders UP-TO-DATE
> Task :expo-crypto:mergeReleaseJniLibFolders UP-TO-DATE
> Task :expo-device:mergeReleaseNativeLibs NO-SOURCE
> Task :expo-crypto:mergeReleaseNativeLibs NO-SOURCE
> Task :expo-crypto:stripReleaseDebugSymbols NO-SOURCE
> Task :expo-asset:copyReleaseJniLibsProjectAndLocalJars UP-TO-DATE
> Task :expo-device:stripReleaseDebugSymbols NO-SOURCE
> Task :expo-application:copyReleaseJniLibsProjectAndLocalJars UP-TO-DATE
> Task :expo:copyReleaseJniLibsProjectAndLocalJars UP-TO-DATE
> Task :expo-clipboard:copyReleaseJniLibsProjectAndLocalJars UP-TO-DATE
> Task :expo-constants:copyReleaseJniLibsProjectAndLocalJars UP-TO-DATE
> Task :expo-asset:extractDeepLinksForAarRelease UP-TO-DATE
> Task :expo-clipboard:extractDeepLinksForAarRelease UP-TO-DATE
> Task :expo-crypto:copyReleaseJniLibsProjectAndLocalJars UP-TO-DATE
> Task :expo-application:extractDeepLinksForAarRelease UP-TO-DATE
> Task :expo:extractDeepLinksForAarRelease UP-TO-DATE
> Task :expo-device:copyReleaseJniLibsProjectAndLocalJars UP-TO-DATE
> Task :expo-crypto:extractDeepLinksForAarRelease UP-TO-DATE
> Task :expo-application:mergeReleaseShaders UP-TO-DATE
> Task :expo:mergeReleaseShaders UP-TO-DATE
> Task :expo-application:compileReleaseShaders NO-SOURCE
> Task :expo-application:generateReleaseAssets UP-TO-DATE
> Task :expo:compileReleaseShaders NO-SOURCE
> Task :expo:generateReleaseAssets UP-TO-DATE
> Task :expo-device:extractDeepLinksForAarRelease UP-TO-DATE
> Task :expo-clipboard:mergeReleaseShaders UP-TO-DATE
> Task :expo-crypto:mergeReleaseShaders UP-TO-DATE
> Task :expo-clipboard:compileReleaseShaders NO-SOURCE
> Task :expo-clipboard:generateReleaseAssets UP-TO-DATE
> Task :expo-crypto:compileReleaseShaders NO-SOURCE
> Task :expo-crypto:generateReleaseAssets UP-TO-DATE
> Task :expo-application:packageReleaseAssets UP-TO-DATE
> Task :expo-device:mergeReleaseShaders UP-TO-DATE
> Task :expo-device:compileReleaseShaders NO-SOURCE
> Task :expo-device:generateReleaseAssets UP-TO-DATE
> Task :expo-application:prepareLintJarForPublish UP-TO-DATE
> Task :expo-clipboard:packageReleaseAssets UP-TO-DATE
> Task :expo-crypto:packageReleaseAssets UP-TO-DATE
> Task :expo-asset:mergeReleaseShaders UP-TO-DATE
> Task :expo:packageReleaseAssets UP-TO-DATE
> Task :expo-asset:compileReleaseShaders NO-SOURCE
> Task :expo-asset:generateReleaseAssets UP-TO-DATE
> Task :expo-clipboard:prepareLintJarForPublish UP-TO-DATE
> Task :expo-application:prepareReleaseArtProfile UP-TO-DATE
> Task :expo-crypto:prepareLintJarForPublish UP-TO-DATE
> Task :expo-device:packageReleaseAssets UP-TO-DATE
> Task :expo:prepareLintJarForPublish UP-TO-DATE
> Task :expo-clipboard:prepareReleaseArtProfile UP-TO-DATE
> Task :expo-crypto:prepareReleaseArtProfile UP-TO-DATE
> Task :expo-device:prepareLintJarForPublish UP-TO-DATE
> Task :expo-asset:packageReleaseAssets UP-TO-DATE
> Task :expo-document-picker:mergeReleaseJniLibFolders UP-TO-DATE
> Task :expo:prepareReleaseArtProfile UP-TO-DATE
> Task :expo-document-picker:mergeReleaseNativeLibs NO-SOURCE
> Task :expo-document-picker:stripReleaseDebugSymbols NO-SOURCE
> Task :expo-device:prepareReleaseArtProfile UP-TO-DATE
> Task :expo-asset:prepareLintJarForPublish UP-TO-DATE
> Task :expo-file-system:mergeReleaseJniLibFolders UP-TO-DATE
> Task :expo-file-system:mergeReleaseNativeLibs NO-SOURCE
> Task :expo-image-loader:mergeReleaseJniLibFolders UP-TO-DATE
> Task :expo-file-system:stripReleaseDebugSymbols NO-SOURCE
> Task :expo-font:mergeReleaseJniLibFolders UP-TO-DATE
> Task :expo-image-loader:mergeReleaseNativeLibs NO-SOURCE
> Task :expo-asset:prepareReleaseArtProfile UP-TO-DATE
> Task :expo-font:mergeReleaseNativeLibs NO-SOURCE
> Task :expo-image-loader:stripReleaseDebugSymbols NO-SOURCE
> Task :expo-font:stripReleaseDebugSymbols NO-SOURCE
> Task :expo-image-picker:mergeReleaseJniLibFolders UP-TO-DATE
> Task :expo-image-picker:mergeReleaseNativeLibs NO-SOURCE
> Task :expo-image-picker:stripReleaseDebugSymbols NO-SOURCE
> Task :expo-file-system:copyReleaseJniLibsProjectAndLocalJars UP-TO-DATE
> Task :expo-keep-awake:mergeReleaseJniLibFolders UP-TO-DATE
> Task :expo-image-loader:copyReleaseJniLibsProjectAndLocalJars UP-TO-DATE
> Task :expo-keep-awake:mergeReleaseNativeLibs NO-SOURCE
> Task :expo-font:copyReleaseJniLibsProjectAndLocalJars UP-TO-DATE
> Task :expo-file-system:extractDeepLinksForAarRelease UP-TO-DATE
> Task :expo-keep-awake:stripReleaseDebugSymbols NO-SOURCE
> Task :expo-image-picker:copyReleaseJniLibsProjectAndLocalJars UP-TO-DATE
> Task :expo-image-loader:extractDeepLinksForAarRelease UP-TO-DATE
> Task :expo-font:extractDeepLinksForAarRelease UP-TO-DATE
> Task :expo-image-picker:extractDeepLinksForAarRelease UP-TO-DATE
> Task :expo-keep-awake:copyReleaseJniLibsProjectAndLocalJars UP-TO-DATE
> Task :expo-file-system:mergeReleaseShaders UP-TO-DATE
> Task :expo-file-system:compileReleaseShaders NO-SOURCE
> Task :expo-file-system:generateReleaseAssets UP-TO-DATE
> Task :expo-image-loader:mergeReleaseShaders UP-TO-DATE
> Task :expo-font:mergeReleaseShaders UP-TO-DATE
> Task :expo-image-loader:compileReleaseShaders NO-SOURCE
> Task :expo-image-loader:generateReleaseAssets UP-TO-DATE
> Task :expo-keep-awake:extractDeepLinksForAarRelease UP-TO-DATE
> Task :expo-font:compileReleaseShaders NO-SOURCE
> Task :expo-font:generateReleaseAssets UP-TO-DATE
> Task :expo-image-picker:mergeReleaseShaders UP-TO-DATE
> Task :expo-image-picker:compileReleaseShaders NO-SOURCE
> Task :expo-image-picker:generateReleaseAssets UP-TO-DATE
> Task :expo-keep-awake:mergeReleaseShaders UP-TO-DATE
> Task :expo-image-loader:packageReleaseAssets UP-TO-DATE
> Task :expo-file-system:packageReleaseAssets UP-TO-DATE
> Task :expo-font:packageReleaseAssets UP-TO-DATE
> Task :expo-keep-awake:compileReleaseShaders NO-SOURCE
> Task :expo-keep-awake:generateReleaseAssets UP-TO-DATE
> Task :expo-image-picker:packageReleaseAssets UP-TO-DATE
> Task :expo-image-loader:prepareLintJarForPublish UP-TO-DATE
> Task :expo-font:prepareLintJarForPublish UP-TO-DATE
> Task :expo-file-system:prepareLintJarForPublish UP-TO-DATE
> Task :expo-image-picker:prepareLintJarForPublish UP-TO-DATE
> Task :expo-keep-awake:packageReleaseAssets UP-TO-DATE
> Task :expo-image-loader:prepareReleaseArtProfile UP-TO-DATE
> Task :expo-file-system:prepareReleaseArtProfile UP-TO-DATE
> Task :expo-font:prepareReleaseArtProfile UP-TO-DATE
> Task :expo-image-picker:prepareReleaseArtProfile UP-TO-DATE
> Task :expo-keep-awake:prepareLintJarForPublish UP-TO-DATE
> Task :expo-document-picker:copyReleaseJniLibsProjectAndLocalJars UP-TO-DATE
> Task :expo-notifications:mergeReleaseJniLibFolders UP-TO-DATE
> Task :expo-secure-store:mergeReleaseJniLibFolders UP-TO-DATE
> Task :expo-web-browser:mergeReleaseJniLibFolders UP-TO-DATE
> Task :expo-keep-awake:prepareReleaseArtProfile UP-TO-DATE
> Task :expo-notifications:mergeReleaseNativeLibs NO-SOURCE
> Task :expo-secure-store:mergeReleaseNativeLibs NO-SOURCE
> Task :expo-constants:extractDeepLinksForAarRelease UP-TO-DATE
> Task :expo-web-browser:mergeReleaseNativeLibs NO-SOURCE
> Task :expo:extractProguardFiles UP-TO-DATE
> Task :expo-document-picker:extractDeepLinksForAarRelease UP-TO-DATE
> Task :expo-secure-store:stripReleaseDebugSymbols NO-SOURCE
> Task :expo-web-browser:stripReleaseDebugSymbols NO-SOURCE
> Task :expo:writeReleaseLintModelMetadata UP-TO-DATE
> Task :expo-application:extractProguardFiles UP-TO-DATE
> Task :expo-constants:mergeReleaseShaders UP-TO-DATE
> Task :expo-document-picker:mergeReleaseShaders UP-TO-DATE
> Task :expo-secure-store:copyReleaseJniLibsProjectAndLocalJars UP-TO-DATE
> Task :expo-constants:compileReleaseShaders NO-SOURCE
> Task :expo-document-picker:compileReleaseShaders NO-SOURCE
> Task :expo-document-picker:generateReleaseAssets UP-TO-DATE
> Task :expo-constants:generateReleaseAssets UP-TO-DATE
> Task :expo-web-browser:copyReleaseJniLibsProjectAndLocalJars UP-TO-DATE
> Task :expo-application:writeReleaseLintModelMetadata UP-TO-DATE
> Task :expo-asset:extractProguardFiles UP-TO-DATE
> Task :expo-secure-store:extractDeepLinksForAarRelease UP-TO-DATE
> Task :expo-web-browser:extractDeepLinksForAarRelease UP-TO-DATE
> Task :expo-asset:writeReleaseLintModelMetadata UP-TO-DATE
> Task :expo-clipboard:extractProguardFiles UP-TO-DATE
> Task :expo-document-picker:packageReleaseAssets UP-TO-DATE
> Task :app:checkGlobalReleaseAarMetadata UP-TO-DATE
> Task :expo-constants:packageReleaseAssets UP-TO-DATE
> Task :expo-secure-store:mergeReleaseShaders UP-TO-DATE
> Task :expo-clipboard:writeReleaseLintModelMetadata UP-TO-DATE
> Task :expo-crypto:extractProguardFiles UP-TO-DATE
> Task :expo-document-picker:prepareLintJarForPublish UP-TO-DATE
> Task :expo-web-browser:mergeReleaseShaders UP-TO-DATE
> Task :expo-secure-store:compileReleaseShaders NO-SOURCE
> Task :expo-secure-store:generateReleaseAssets UP-TO-DATE
> Task :expo-web-browser:compileReleaseShaders NO-SOURCE
> Task :expo-web-browser:generateReleaseAssets UP-TO-DATE
> Task :expo-constants:prepareLintJarForPublish UP-TO-DATE
> Task :expo-crypto:writeReleaseLintModelMetadata UP-TO-DATE
> Task :expo-notifications:stripReleaseDebugSymbols NO-SOURCE
> Task :expo-constants:prepareReleaseArtProfile UP-TO-DATE
> Task :jpush-react-native:compileReleaseJavaWithJavac UP-TO-DATE
> Task :react-native-vector-icons:compileReleaseJavaWithJavac UP-TO-DATE
> Task :expo-device:extractProguardFiles UP-TO-DATE
> Task :react-native-wechat-lib:compileReleaseJavaWithJavac UP-TO-DATE
> Task :jcore-react-native:compileReleaseJavaWithJavac UP-TO-DATE
> Task :react-native-svg:compileReleaseJavaWithJavac UP-TO-DATE
> Task :expo-secure-store:packageReleaseAssets UP-TO-DATE
> Task :react-native-community_masked-view:compileReleaseJavaWithJavac UP-TO-DATE
> Task :react-native-async-storage_async-storage:compileReleaseJavaWithJavac UP-TO-DATE
> Task :jpush-react-native:bundleLibCompileToJarRelease UP-TO-DATE
> Task :react-native-vector-icons:bundleLibCompileToJarRelease UP-TO-DATE
> Task :expo-web-browser:packageReleaseAssets UP-TO-DATE
> Task :expo-device:writeReleaseLintModelMetadata UP-TO-DATE
> Task :react-native-wechat-lib:bundleLibCompileToJarRelease UP-TO-DATE
> Task :jcore-react-native:bundleLibCompileToJarRelease UP-TO-DATE
> Task :expo-secure-store:prepareLintJarForPublish UP-TO-DATE
> Task :react-native-svg:bundleLibCompileToJarRelease UP-TO-DATE
> Task :expo-notifications:copyReleaseJniLibsProjectAndLocalJars UP-TO-DATE
> Task :expo-constants:extractProguardFiles UP-TO-DATE
> Task :react-native-async-storage_async-storage:bundleLibCompileToJarRelease UP-TO-DATE
> Task :react-native-community_masked-view:bundleLibCompileToJarRelease UP-TO-DATE
> Task :react-native-firebase_app:compileReleaseJavaWithJavac UP-TO-DATE
> Task :expo-font:extractProguardFiles UP-TO-DATE
> Task :expo-image-loader:extractProguardFiles UP-TO-DATE
> Task :expo-image-picker:extractProguardFiles UP-TO-DATE
> Task :jpush-react-native:bundleLibRuntimeToJarRelease UP-TO-DATE
> Task :jcore-react-native:bundleLibRuntimeToJarRelease UP-TO-DATE
> Task :expo-web-browser:prepareLintJarForPublish UP-TO-DATE
> Task :expo-constants:writeReleaseLintModelMetadata UP-TO-DATE
> Task :expo-notifications:extractDeepLinksForAarRelease UP-TO-DATE
> Task :react-native-async-storage_async-storage:bundleLibRuntimeToJarRelease UP-TO-DATE
> Task :expo-secure-store:prepareReleaseArtProfile UP-TO-DATE
> Task :expo-keep-awake:extractProguardFiles UP-TO-DATE
> Task :react-native-community_masked-view:bundleLibRuntimeToJarRelease UP-TO-DATE
> Task :expo-font:writeReleaseLintModelMetadata UP-TO-DATE
> Task :expo-image-loader:writeReleaseLintModelMetadata UP-TO-DATE
> Task :expo-image-picker:writeReleaseLintModelMetadata UP-TO-DATE
> Task :expo-keep-awake:writeReleaseLintModelMetadata UP-TO-DATE
> Task :jcore-react-native:processReleaseJavaRes NO-SOURCE
> Task :jpush-react-native:processReleaseJavaRes NO-SOURCE
> Task :react-native-firebase_analytics:processReleaseJavaRes NO-SOURCE
> Task :react-native-firebase_messaging:processReleaseJavaRes NO-SOURCE
> Task :react-native-svg:bundleLibRuntimeToJarRelease UP-TO-DATE
> Task :react-native-community_masked-view:processReleaseJavaRes NO-SOURCE
> Task :react-native-async-storage_async-storage:processReleaseJavaRes NO-SOURCE
> Task :expo-document-picker:prepareReleaseArtProfile UP-TO-DATE
> Task :expo-web-browser:prepareReleaseArtProfile UP-TO-DATE
> Task :react-native-vector-icons:bundleLibRuntimeToJarRelease UP-TO-DATE
> Task :expo-secure-store:extractProguardFiles UP-TO-DATE
> Task :expo-notifications:mergeReleaseShaders UP-TO-DATE
> Task :react-native-wechat-lib:bundleLibRuntimeToJarRelease UP-TO-DATE
> Task :expo-notifications:compileReleaseShaders NO-SOURCE
> Task :expo-notifications:generateReleaseAssets UP-TO-DATE
> Task :react-native-svg:processReleaseJavaRes NO-SOURCE
> Task :jpush-react-native:createFullJarRelease UP-TO-DATE
> Task :react-native-vector-icons:processReleaseJavaRes NO-SOURCE
> Task :jcore-react-native:createFullJarRelease UP-TO-DATE
> Task :react-native-async-storage_async-storage:createFullJarRelease UP-TO-DATE
> Task :expo-secure-store:writeReleaseLintModelMetadata UP-TO-DATE
> Task :react-native-community_masked-view:createFullJarRelease UP-TO-DATE
> Task :expo-document-picker:extractProguardFiles UP-TO-DATE
> Task :react-native-firebase_messaging:mergeReleaseJniLibFolders UP-TO-DATE
> Task :react-native-svg:createFullJarRelease UP-TO-DATE
> Task :react-native-firebase_analytics:mergeReleaseJniLibFolders UP-TO-DATE
> Task :react-native-vector-icons:createFullJarRelease UP-TO-DATE
> Task :expo-web-browser:extractProguardFiles UP-TO-DATE
> Task :react-native-firebase_messaging:mergeReleaseNativeLibs NO-SOURCE
> Task :react-native-firebase_analytics:mergeReleaseNativeLibs NO-SOURCE
> Task :expo-notifications:packageReleaseAssets UP-TO-DATE
> Task :expo-document-picker:writeReleaseLintModelMetadata UP-TO-DATE
> Task :react-native-firebase_messaging:stripReleaseDebugSymbols NO-SOURCE
> Task :jcore-react-native:mergeReleaseJniLibFolders UP-TO-DATE
> Task :react-native-firebase_analytics:stripReleaseDebugSymbols NO-SOURCE
> Task :jpush-react-native:mergeReleaseJniLibFolders UP-TO-DATE
> Task :expo:copyReleaseJniLibsProjectOnly UP-TO-DATE
> Task :expo-web-browser:writeReleaseLintModelMetadata UP-TO-DATE
> Task :react-native-wechat-lib:processReleaseJavaRes NO-SOURCE
> Task :react-native-async-storage_async-storage:mergeReleaseJniLibFolders UP-TO-DATE
> Task :jcore-react-native:mergeReleaseNativeLibs NO-SOURCE
> Task :jpush-react-native:mergeReleaseNativeLibs NO-SOURCE
> Task :react-native-firebase_app:bundleLibCompileToJarRelease UP-TO-DATE
> Task :react-native-community_masked-view:mergeReleaseJniLibFolders UP-TO-DATE
> Task :react-native-svg:mergeReleaseJniLibFolders UP-TO-DATE
> Task :expo-notifications:prepareLintJarForPublish UP-TO-DATE
> Task :react-native-vector-icons:mergeReleaseJniLibFolders UP-TO-DATE
> Task :react-native-async-storage_async-storage:mergeReleaseNativeLibs NO-SOURCE
> Task :react-native-svg:mergeReleaseNativeLibs NO-SOURCE
> Task :jpush-react-native:stripReleaseDebugSymbols NO-SOURCE
> Task :jcore-react-native:stripReleaseDebugSymbols NO-SOURCE
> Task :expo-application:copyReleaseJniLibsProjectOnly UP-TO-DATE
> Task :react-native-community_masked-view:mergeReleaseNativeLibs NO-SOURCE
> Task :react-native-vector-icons:mergeReleaseNativeLibs NO-SOURCE
> Task :react-native-wechat-lib:createFullJarRelease UP-TO-DATE
> Task :react-native-async-storage_async-storage:stripReleaseDebugSymbols NO-SOURCE
> Task :react-native-firebase_messaging:copyReleaseJniLibsProjectAndLocalJars UP-TO-DATE
> Task :react-native-svg:stripReleaseDebugSymbols NO-SOURCE
> Task :react-native-firebase_analytics:copyReleaseJniLibsProjectAndLocalJars UP-TO-DATE
> Task :react-native-community_masked-view:stripReleaseDebugSymbols NO-SOURCE
> Task :react-native-vector-icons:stripReleaseDebugSymbols NO-SOURCE
> Task :expo-clipboard:copyReleaseJniLibsProjectOnly UP-TO-DATE
> Task :expo-notifications:prepareReleaseArtProfile UP-TO-DATE
> Task :react-native-firebase_app:mergeReleaseJniLibFolders UP-TO-DATE
> Task :expo-constants:copyReleaseJniLibsProjectOnly UP-TO-DATE
> Task :jpush-react-native:copyReleaseJniLibsProjectAndLocalJars UP-TO-DATE
> Task :react-native-firebase_app:mergeReleaseNativeLibs NO-SOURCE
> Task :jcore-react-native:copyReleaseJniLibsProjectAndLocalJars UP-TO-DATE
> Task :expo-asset:copyReleaseJniLibsProjectOnly UP-TO-DATE
> Task :react-native-firebase_app:stripReleaseDebugSymbols NO-SOURCE
> Task :react-native-svg:copyReleaseJniLibsProjectAndLocalJars UP-TO-DATE
> Task :react-native-async-storage_async-storage:copyReleaseJniLibsProjectAndLocalJars UP-TO-DATE
> Task :react-native-wechat-lib:mergeReleaseJniLibFolders UP-TO-DATE
> Task :expo-crypto:copyReleaseJniLibsProjectOnly UP-TO-DATE
> Task :expo-notifications:extractProguardFiles UP-TO-DATE
> Task :react-native-vector-icons:copyReleaseJniLibsProjectAndLocalJars UP-TO-DATE
> Task :jpush-react-native:extractDeepLinksForAarRelease UP-TO-DATE
> Task :react-native-community_masked-view:copyReleaseJniLibsProjectAndLocalJars UP-TO-DATE
> Task :jcore-react-native:extractDeepLinksForAarRelease UP-TO-DATE
> Task :expo-device:copyReleaseJniLibsProjectOnly UP-TO-DATE
> Task :react-native-wechat-lib:mergeReleaseNativeLibs NO-SOURCE
> Task :expo-document-picker:copyReleaseJniLibsProjectOnly UP-TO-DATE
> Task :react-native-wechat-lib:stripReleaseDebugSymbols NO-SOURCE
> Task :expo-notifications:writeReleaseLintModelMetadata UP-TO-DATE
> Task :react-native-firebase_app:copyReleaseJniLibsProjectAndLocalJars UP-TO-DATE
> Task :react-native-svg:extractDeepLinksForAarRelease UP-TO-DATE
> Task :react-native-vector-icons:extractDeepLinksForAarRelease UP-TO-DATE
> Task :react-native-async-storage_async-storage:extractDeepLinksForAarRelease UP-TO-DATE
> Task :react-native-community_masked-view:extractDeepLinksForAarRelease UP-TO-DATE
> Task :expo-font:copyReleaseJniLibsProjectOnly UP-TO-DATE
> Task :expo-image-loader:copyReleaseJniLibsProjectOnly UP-TO-DATE
> Task :expo-image-picker:copyReleaseJniLibsProjectOnly UP-TO-DATE
> Task :react-native-firebase_app:extractDeepLinksForAarRelease UP-TO-DATE
> Task :react-native-wechat-lib:copyReleaseJniLibsProjectAndLocalJars UP-TO-DATE
> Task :expo-keep-awake:copyReleaseJniLibsProjectOnly UP-TO-DATE
> Task :expo-notifications:copyReleaseJniLibsProjectOnly UP-TO-DATE
> Task :expo-secure-store:copyReleaseJniLibsProjectOnly UP-TO-DATE
> Task :expo-web-browser:copyReleaseJniLibsProjectOnly UP-TO-DATE
> Task :react-native-wechat-lib:extractDeepLinksForAarRelease UP-TO-DATE
> Task :react-native-community_masked-view:extractReleaseAnnotations UP-TO-DATE
> Task :jcore-react-native:extractReleaseAnnotations UP-TO-DATE
> Task :jpush-react-native:extractReleaseAnnotations UP-TO-DATE
> Task :react-native-vector-icons:extractReleaseAnnotations UP-TO-DATE
> Task :react-native-svg:extractReleaseAnnotations UP-TO-DATE
> Task :jpush-react-native:mergeReleaseGeneratedProguardFiles UP-TO-DATE
> Task :react-native-wechat-lib:extractReleaseAnnotations UP-TO-DATE
> Task :jcore-react-native:mergeReleaseGeneratedProguardFiles UP-TO-DATE
> Task :react-native-community_masked-view:mergeReleaseGeneratedProguardFiles UP-TO-DATE
> Task :react-native-svg:mergeReleaseGeneratedProguardFiles UP-TO-DATE
> Task :react-native-vector-icons:mergeReleaseGeneratedProguardFiles UP-TO-DATE
> Task :react-native-firebase_app:extractReleaseAnnotations UP-TO-DATE
> Task :react-native-async-storage_async-storage:extractReleaseAnnotations UP-TO-DATE
> Task :jpush-react-native:mergeReleaseConsumerProguardFiles UP-TO-DATE
> Task :react-native-wechat-lib:mergeReleaseGeneratedProguardFiles UP-TO-DATE
> Task :jcore-react-native:mergeReleaseConsumerProguardFiles UP-TO-DATE
> Task :react-native-firebase_messaging:compileReleaseJavaWithJavac UP-TO-DATE
> Task :react-native-svg:mergeReleaseConsumerProguardFiles UP-TO-DATE
> Task :react-native-community_masked-view:mergeReleaseConsumerProguardFiles UP-TO-DATE
> Task :react-native-vector-icons:mergeReleaseConsumerProguardFiles UP-TO-DATE
> Task :expo-file-system:extractProguardFiles UP-TO-DATE
> Task :react-native-firebase_analytics:compileReleaseJavaWithJavac UP-TO-DATE
> Task :app:createBundleGlobalReleaseJsAndAssets UP-TO-DATE
> Task :react-native-firebase_messaging:bundleLibCompileToJarRelease UP-TO-DATE
> Task :jpush-react-native:mergeReleaseShaders UP-TO-DATE
> Task :react-native-wechat-lib:mergeReleaseConsumerProguardFiles UP-TO-DATE
> Task :jcore-react-native:mergeReleaseShaders UP-TO-DATE
> Task :expo-file-system:writeReleaseLintModelMetadata UP-TO-DATE
> Task :react-native-async-storage_async-storage:mergeReleaseGeneratedProguardFiles UP-TO-DATE
> Task :react-native-firebase_analytics:bundleLibCompileToJarRelease UP-TO-DATE
> Task :react-native-svg:mergeReleaseShaders UP-TO-DATE
> Task :jpush-react-native:compileReleaseShaders NO-SOURCE
> Task :jpush-react-native:generateReleaseAssets UP-TO-DATE
> Task :jcore-react-native:compileReleaseShaders NO-SOURCE
> Task :jcore-react-native:generateReleaseAssets UP-TO-DATE
> Task :react-native-firebase_messaging:bundleLibRuntimeToJarRelease UP-TO-DATE
> Task :react-native-community_masked-view:mergeReleaseShaders UP-TO-DATE
> Task :react-native-svg:compileReleaseShaders NO-SOURCE
> Task :react-native-svg:generateReleaseAssets UP-TO-DATE
> Task :react-native-vector-icons:mergeReleaseShaders UP-TO-DATE
> Task :react-native-community_masked-view:compileReleaseShaders NO-SOURCE
> Task :react-native-community_masked-view:generateReleaseAssets UP-TO-DATE
> Task :react-native-vector-icons:compileReleaseShaders NO-SOURCE
> Task :react-native-vector-icons:generateReleaseAssets UP-TO-DATE
> Task :app:generateGlobalReleaseResValues UP-TO-DATE
> Task :react-native-firebase_analytics:bundleLibRuntimeToJarRelease UP-TO-DATE
> Task :expo-file-system:copyReleaseJniLibsProjectOnly UP-TO-DATE
> Task :react-native-async-storage_async-storage:mergeReleaseConsumerProguardFiles UP-TO-DATE
> Task :react-native-firebase_messaging:createFullJarRelease UP-TO-DATE
> Task :react-native-firebase_app:mergeReleaseGeneratedProguardFiles UP-TO-DATE
> Task :react-native-wechat-lib:mergeReleaseShaders UP-TO-DATE
> Task :react-native-wechat-lib:compileReleaseShaders NO-SOURCE
> Task :react-native-wechat-lib:generateReleaseAssets UP-TO-DATE
> Task :jpush-react-native:packageReleaseAssets UP-TO-DATE
> Task :react-native-firebase_analytics:createFullJarRelease UP-TO-DATE
> Task :jcore-react-native:packageReleaseAssets UP-TO-DATE
> Task :react-native-svg:packageReleaseAssets UP-TO-DATE
> Task :react-native-firebase_app:mergeReleaseConsumerProguardFiles UP-TO-DATE
> Task :react-native-firebase_messaging:extractDeepLinksForAarRelease UP-TO-DATE
> Task :react-native-vector-icons:packageReleaseAssets UP-TO-DATE
> Task :react-native-community_masked-view:packageReleaseAssets UP-TO-DATE
> Task :jpush-react-native:prepareLintJarForPublish UP-TO-DATE
> Task :react-native-async-storage_async-storage:mergeReleaseShaders UP-TO-DATE
> Task :app:processGlobalReleaseGoogleServices UP-TO-DATE
> Task :react-native-svg:prepareLintJarForPublish UP-TO-DATE
> Task :react-native-firebase_analytics:extractDeepLinksForAarRelease UP-TO-DATE
> Task :jcore-react-native:prepareLintJarForPublish UP-TO-DATE
> Task :react-native-async-storage_async-storage:compileReleaseShaders NO-SOURCE
> Task :react-native-vector-icons:prepareLintJarForPublish UP-TO-DATE
> Task :react-native-async-storage_async-storage:generateReleaseAssets UP-TO-DATE
> Task :react-native-wechat-lib:packageReleaseAssets UP-TO-DATE
> Task :react-native-firebase_app:mergeReleaseShaders UP-TO-DATE
> Task :react-native-community_masked-view:prepareLintJarForPublish UP-TO-DATE
> Task :jpush-react-native:prepareReleaseArtProfile UP-TO-DATE
> Task :react-native-firebase_app:compileReleaseShaders NO-SOURCE
> Task :react-native-firebase_app:generateReleaseAssets UP-TO-DATE
> Task :react-native-svg:prepareReleaseArtProfile UP-TO-DATE
> Task :react-native-firebase_messaging:extractReleaseAnnotations UP-TO-DATE
> Task :jcore-react-native:prepareReleaseArtProfile UP-TO-DATE
> Task :react-native-wechat-lib:prepareLintJarForPublish UP-TO-DATE
> Task :react-native-firebase_analytics:extractReleaseAnnotations UP-TO-DATE
> Task :react-native-vector-icons:prepareReleaseArtProfile UP-TO-DATE
> Task :react-native-community_masked-view:prepareReleaseArtProfile UP-TO-DATE
> Task :react-native-async-storage_async-storage:packageReleaseAssets UP-TO-DATE
> Task :react-native-firebase_messaging:mergeReleaseGeneratedProguardFiles UP-TO-DATE
> Task :react-native-firebase_app:packageReleaseAssets UP-TO-DATE
> Task :jpush-react-native:mergeReleaseJavaResource UP-TO-DATE
> Task :react-native-wechat-lib:prepareReleaseArtProfile UP-TO-DATE
> Task :react-native-async-storage_async-storage:prepareLintJarForPublish UP-TO-DATE
> Task :jcore-react-native:mergeReleaseJavaResource UP-TO-DATE
> Task :react-native-firebase_analytics:mergeReleaseGeneratedProguardFiles UP-TO-DATE
> Task :react-native-svg:mergeReleaseJavaResource UP-TO-DATE
> Task :react-native-firebase_app:prepareLintJarForPublish UP-TO-DATE
> Task :react-native-firebase_messaging:mergeReleaseConsumerProguardFiles UP-TO-DATE
> Task :react-native-vector-icons:mergeReleaseJavaResource UP-TO-DATE
> Task :react-native-community_masked-view:mergeReleaseJavaResource UP-TO-DATE
> Task :react-native-firebase_analytics:mergeReleaseConsumerProguardFiles UP-TO-DATE
> Task :react-native-async-storage_async-storage:prepareReleaseArtProfile UP-TO-DATE
> Task :react-native-firebase_app:prepareReleaseArtProfile UP-TO-DATE
> Task :react-native-firebase_messaging:mergeReleaseShaders UP-TO-DATE
> Task :react-native-wechat-lib:mergeReleaseJavaResource UP-TO-DATE
> Task :react-native-firebase_app:processReleaseJavaRes NO-SOURCE
> Task :react-native-firebase_messaging:compileReleaseShaders NO-SOURCE
> Task :react-native-firebase_messaging:generateReleaseAssets UP-TO-DATE
> Task :react-native-firebase_analytics:mergeReleaseShaders UP-TO-DATE
> Task :react-native-firebase_analytics:compileReleaseShaders NO-SOURCE
> Task :react-native-firebase_analytics:generateReleaseAssets UP-TO-DATE
> Task :jcore-react-native:syncReleaseLibJars UP-TO-DATE
> Task :react-native-svg:syncReleaseLibJars UP-TO-DATE
> Task :react-native-vector-icons:syncReleaseLibJars UP-TO-DATE
> Task :react-native-async-storage_async-storage:mergeReleaseJavaResource UP-TO-DATE
> Task :jcore-react-native:bundleReleaseLocalLintAar UP-TO-DATE
> Task :jpush-react-native:syncReleaseLibJars UP-TO-DATE
> Task :react-native-svg:bundleReleaseLocalLintAar UP-TO-DATE
> Task :react-native-firebase_messaging:packageReleaseAssets UP-TO-DATE
> Task :react-native-community_masked-view:syncReleaseLibJars UP-TO-DATE
> Task :react-native-vector-icons:bundleReleaseLocalLintAar UP-TO-DATE
> Task :react-native-firebase_analytics:packageReleaseAssets UP-TO-DATE
> Task :react-native-firebase_app:mergeReleaseJavaResource UP-TO-DATE
> Task :react-native-wechat-lib:syncReleaseLibJars UP-TO-DATE
> Task :jpush-react-native:bundleReleaseLocalLintAar UP-TO-DATE
> Task :react-native-community_masked-view:bundleReleaseLocalLintAar UP-TO-DATE
> Task :jcore-react-native:extractProguardFiles UP-TO-DATE
> Task :react-native-svg:extractProguardFiles UP-TO-DATE
> Task :react-native-firebase_analytics:prepareLintJarForPublish UP-TO-DATE
> Task :react-native-firebase_messaging:prepareLintJarForPublish UP-TO-DATE
> Task :react-native-vector-icons:extractProguardFiles UP-TO-DATE
> Task :react-native-wechat-lib:bundleReleaseLocalLintAar UP-TO-DATE
> Task :jcore-react-native:writeReleaseLintModelMetadata UP-TO-DATE
> Task :jpush-react-native:extractProguardFiles UP-TO-DATE
> Task :react-native-svg:writeReleaseLintModelMetadata UP-TO-DATE
> Task :react-native-firebase_messaging:prepareReleaseArtProfile UP-TO-DATE
> Task :react-native-firebase_analytics:prepareReleaseArtProfile UP-TO-DATE
> Task :react-native-vector-icons:writeReleaseLintModelMetadata UP-TO-DATE
> Task :react-native-community_masked-view:extractProguardFiles UP-TO-DATE
> Task :react-native-async-storage_async-storage:syncReleaseLibJars UP-TO-DATE
> Task :react-native-wechat-lib:extractProguardFiles UP-TO-DATE
> Task :react-native-firebase_app:syncReleaseLibJars UP-TO-DATE
> Task :react-native-safe-area-context:compileReleaseKotlin UP-TO-DATE
> Task :react-native-screens:compileReleaseKotlin UP-TO-DATE
> Task :jpush-react-native:writeReleaseLintModelMetadata UP-TO-DATE
> Task :app:mapGlobalReleaseSourceSetPaths UP-TO-DATE
> Task :app:generateGlobalReleaseResources UP-TO-DATE
> Task :react-native-svg:generateReleaseLintModel UP-TO-DATE
> Task :jcore-react-native:generateReleaseLintModel UP-TO-DATE
> Task :react-native-wechat-lib:writeReleaseLintModelMetadata UP-TO-DATE
> Task :react-native-firebase_app:bundleReleaseLocalLintAar UP-TO-DATE
> Task :react-native-community_masked-view:writeReleaseLintModelMetadata UP-TO-DATE
> Task :react-native-safe-area-context:javaPreCompileRelease UP-TO-DATE
> Task :react-native-screens:javaPreCompileRelease UP-TO-DATE
> Task :react-native-async-storage_async-storage:bundleReleaseLocalLintAar UP-TO-DATE
> Task :react-native-firebase_messaging:mergeReleaseJavaResource UP-TO-DATE
> Task :react-native-firebase_analytics:mergeReleaseJavaResource UP-TO-DATE
> Task :react-native-vector-icons:generateReleaseLintModel UP-TO-DATE
> Task :react-native-svg:generateReleaseLintVitalModel UP-TO-DATE
> Task :jpush-react-native:generateReleaseLintModel UP-TO-DATE
> Task :jcore-react-native:generateReleaseLintVitalModel UP-TO-DATE
> Task :react-native-firebase_app:bundleLibRuntimeToJarRelease UP-TO-DATE
> Task :react-native-gesture-handler:compileReleaseKotlin UP-TO-DATE
> Task :react-native-wechat-lib:generateReleaseLintModel UP-TO-DATE
> Task :react-native-async-storage_async-storage:extractProguardFiles UP-TO-DATE
> Task :react-native-firebase_analytics:syncReleaseLibJars UP-TO-DATE
> Task :react-native-firebase_messaging:syncReleaseLibJars UP-TO-DATE
> Task :react-native-community_masked-view:generateReleaseLintModel UP-TO-DATE
> Task :react-native-vector-icons:generateReleaseLintVitalModel UP-TO-DATE
> Task :react-native-svg:lintVitalAnalyzeRelease UP-TO-DATE
> Task :jpush-react-native:generateReleaseLintVitalModel UP-TO-DATE
> Task :react-native-safe-area-context:compileReleaseJavaWithJavac UP-TO-DATE
> Task :react-native-screens:compileReleaseJavaWithJavac UP-TO-DATE
> Task :react-native-firebase_app:createFullJarRelease UP-TO-DATE
> Task :react-native-gesture-handler:javaPreCompileRelease UP-TO-DATE
> Task :jcore-react-native:lintVitalAnalyzeRelease UP-TO-DATE
> Task :react-native-async-storage_async-storage:writeReleaseLintModelMetadata UP-TO-DATE
> Task :react-native-firebase_messaging:bundleReleaseLocalLintAar UP-TO-DATE
> Task :react-native-firebase_analytics:bundleReleaseLocalLintAar UP-TO-DATE
> Task :react-native-wechat-lib:generateReleaseLintVitalModel UP-TO-DATE
> Task :react-native-community_masked-view:generateReleaseLintVitalModel UP-TO-DATE
> Task :react-native-svg:copyReleaseJniLibsProjectOnly UP-TO-DATE
> Task :react-native-vector-icons:lintVitalAnalyzeRelease UP-TO-DATE
> Task :react-native-safe-area-context:bundleLibCompileToJarRelease UP-TO-DATE
> Task :react-native-screens:bundleLibCompileToJarRelease UP-TO-DATE
> Task :jcore-react-native:copyReleaseJniLibsProjectOnly UP-TO-DATE
> Task :jpush-react-native:lintVitalAnalyzeRelease UP-TO-DATE
> Task :react-native-firebase_app:extractProguardFiles UP-TO-DATE
> Task :react-native-firebase_analytics:extractProguardFiles UP-TO-DATE
> Task :react-native-firebase_messaging:extractProguardFiles UP-TO-DATE
> Task :react-native-safe-area-context:bundleLibRuntimeToJarRelease UP-TO-DATE
> Task :react-native-screens:bundleLibRuntimeToJarRelease UP-TO-DATE
> Task :react-native-firebase_app:writeReleaseLintModelMetadata UP-TO-DATE
> Task :react-native-firebase_analytics:writeReleaseLintModelMetadata UP-TO-DATE
> Task :react-native-firebase_messaging:writeReleaseLintModelMetadata UP-TO-DATE
> Task :react-native-vector-icons:copyReleaseJniLibsProjectOnly UP-TO-DATE
> Task :jpush-react-native:copyReleaseJniLibsProjectOnly UP-TO-DATE
> Task :react-native-community_masked-view:copyReleaseJniLibsProjectOnly UP-TO-DATE
> Task :react-native-wechat-lib:lintVitalAnalyzeRelease UP-TO-DATE
> Task :react-native-async-storage_async-storage:generateReleaseLintModel UP-TO-DATE
> Task :react-native-safe-area-context:processReleaseJavaRes UP-TO-DATE
> Task :react-native-screens:processReleaseJavaRes UP-TO-DATE
> Task :react-native-gesture-handler:compileReleaseJavaWithJavac UP-TO-DATE
> Task :react-native-wechat-lib:copyReleaseJniLibsProjectOnly UP-TO-DATE
> Task :react-native-community_masked-view:lintVitalAnalyzeRelease UP-TO-DATE
> Task :react-native-screens:createFullJarRelease UP-TO-DATE
> Task :react-native-safe-area-context:createFullJarRelease UP-TO-DATE
> Task :react-native-gesture-handler:bundleLibCompileToJarRelease UP-TO-DATE
> Task :react-native-async-storage_async-storage:generateReleaseLintVitalModel UP-TO-DATE
> Task :react-native-gesture-handler:bundleLibRuntimeToJarRelease UP-TO-DATE
> Task :react-native-safe-area-context:mergeReleaseJniLibFolders UP-TO-DATE
> Task :react-native-safe-area-context:mergeReleaseNativeLibs NO-SOURCE
> Task :react-native-safe-area-context:stripReleaseDebugSymbols NO-SOURCE
> Task :react-native-async-storage_async-storage:lintVitalAnalyzeRelease UP-TO-DATE
> Task :react-native-safe-area-context:copyReleaseJniLibsProjectAndLocalJars UP-TO-DATE
> Task :react-native-async-storage_async-storage:copyReleaseJniLibsProjectOnly UP-TO-DATE
> Task :react-native-safe-area-context:extractDeepLinksForAarRelease UP-TO-DATE
> Task :react-native-gesture-handler:processReleaseJavaRes UP-TO-DATE
> Task :react-native-gesture-handler:createFullJarRelease UP-TO-DATE
> Task :react-native-safe-area-context:extractReleaseAnnotations UP-TO-DATE
> Task :react-native-gesture-handler:mergeReleaseJniLibFolders UP-TO-DATE
> Task :react-native-gesture-handler:mergeReleaseNativeLibs NO-SOURCE
> Task :react-native-gesture-handler:stripReleaseDebugSymbols NO-SOURCE
> Task :react-native-safe-area-context:mergeReleaseGeneratedProguardFiles UP-TO-DATE
> Task :react-native-gesture-handler:copyReleaseJniLibsProjectAndLocalJars UP-TO-DATE
> Task :react-native-safe-area-context:mergeReleaseConsumerProguardFiles UP-TO-DATE
> Task :react-native-gesture-handler:extractDeepLinksForAarRelease UP-TO-DATE
> Task :react-native-safe-area-context:mergeReleaseShaders UP-TO-DATE
> Task :react-native-safe-area-context:compileReleaseShaders NO-SOURCE
> Task :react-native-safe-area-context:generateReleaseAssets UP-TO-DATE
> Task :react-native-safe-area-context:packageReleaseAssets UP-TO-DATE
> Task :react-native-gesture-handler:extractReleaseAnnotations UP-TO-DATE
> Task :react-native-safe-area-context:prepareLintJarForPublish UP-TO-DATE
> Task :react-native-safe-area-context:prepareReleaseArtProfile UP-TO-DATE
> Task :react-native-gesture-handler:mergeReleaseGeneratedProguardFiles UP-TO-DATE
> Task :react-native-gesture-handler:mergeReleaseConsumerProguardFiles UP-TO-DATE
> Task :react-native-safe-area-context:mergeReleaseJavaResource UP-TO-DATE
> Task :react-native-gesture-handler:mergeReleaseShaders UP-TO-DATE
> Task :react-native-gesture-handler:compileReleaseShaders NO-SOURCE
> Task :react-native-gesture-handler:generateReleaseAssets UP-TO-DATE
> Task :react-native-gesture-handler:packageReleaseAssets UP-TO-DATE
> Task :react-native-safe-area-context:syncReleaseLibJars UP-TO-DATE
> Task :react-native-safe-area-context:bundleReleaseLocalLintAar UP-TO-DATE
> Task :react-native-gesture-handler:prepareLintJarForPublish UP-TO-DATE
> Task :react-native-gesture-handler:prepareReleaseArtProfile UP-TO-DATE
> Task :react-native-safe-area-context:extractProguardFiles UP-TO-DATE
> Task :react-native-safe-area-context:writeReleaseLintModelMetadata UP-TO-DATE
> Task :react-native-gesture-handler:mergeReleaseJavaResource UP-TO-DATE
> Task :react-native-safe-area-context:generateReleaseLintModel UP-TO-DATE
> Task :react-native-firebase_analytics:lintVitalAnalyzeRelease UP-TO-DATE
> Task :react-native-firebase_messaging:lintVitalAnalyzeRelease UP-TO-DATE
> Task :react-native-gesture-handler:syncReleaseLibJars UP-TO-DATE
> Task :react-native-firebase_app:generateReleaseLintModel UP-TO-DATE
> Task :react-native-gesture-handler:bundleReleaseLocalLintAar UP-TO-DATE
> Task :react-native-firebase_messaging:copyReleaseJniLibsProjectOnly UP-TO-DATE
> Task :react-native-firebase_analytics:copyReleaseJniLibsProjectOnly UP-TO-DATE
> Task :react-native-safe-area-context:generateReleaseLintVitalModel UP-TO-DATE
> Task :react-native-gesture-handler:extractProguardFiles UP-TO-DATE
> Task :react-native-firebase_app:generateReleaseLintVitalModel UP-TO-DATE
> Task :react-native-firebase_messaging:generateReleaseLintModel UP-TO-DATE
> Task :react-native-gesture-handler:writeReleaseLintModelMetadata UP-TO-DATE
> Task :react-native-firebase_analytics:generateReleaseLintModel UP-TO-DATE
> Task :react-native-safe-area-context:lintVitalAnalyzeRelease UP-TO-DATE
> Task :react-native-firebase_app:lintVitalAnalyzeRelease UP-TO-DATE
> Task :react-native-firebase_messaging:generateReleaseLintVitalModel UP-TO-DATE
> Task :react-native-safe-area-context:copyReleaseJniLibsProjectOnly UP-TO-DATE
> Task :react-native-firebase_app:copyReleaseJniLibsProjectOnly UP-TO-DATE
> Task :react-native-firebase_analytics:generateReleaseLintVitalModel UP-TO-DATE
> Task :react-native-gesture-handler:generateReleaseLintModel UP-TO-DATE
> Task :app:mergeGlobalReleaseResources UP-TO-DATE
> Task :react-native-gesture-handler:generateReleaseLintVitalModel UP-TO-DATE
> Task :react-native-gesture-handler:lintVitalAnalyzeRelease UP-TO-DATE
> Task :react-native-gesture-handler:copyReleaseJniLibsProjectOnly UP-TO-DATE
> Task :expo-modules-core:compileReleaseKotlin UP-TO-DATE
> Task :expo-modules-core:javaPreCompileRelease UP-TO-DATE
> Task :app:packageGlobalReleaseResources UP-TO-DATE
> Task :app:parseGlobalReleaseLocalResources UP-TO-DATE
> Task :app:createGlobalReleaseCompatibleScreenManifests UP-TO-DATE
> Task :app:extractDeepLinksGlobalRelease UP-TO-DATE
> Task :app:processGlobalReleaseMainManifest UP-TO-DATE
> Task :expo-modules-core:compileReleaseJavaWithJavac UP-TO-DATE
> Task :expo-modules-core:bundleLibCompileToJarRelease UP-TO-DATE
> Task :app:processGlobalReleaseManifest UP-TO-DATE
> Task :app:processGlobalReleaseManifestForPackage UP-TO-DATE
> Task :react-native-screens:configureCMakeRelWithDebInfo[arm64-v8a]
> Task :react-native-screens:buildCMakeRelWithDebInfo[arm64-v8a]
> Task :app:processGlobalReleaseResources UP-TO-DATE
> Task :app:javaPreCompileGlobalRelease UP-TO-DATE
> Task :expo-keep-awake:compileReleaseKotlin UP-TO-DATE
> Task :app:extractProguardFiles UP-TO-DATE
> Task :expo-font:compileReleaseKotlin UP-TO-DATE
> Task :expo-document-picker:compileReleaseKotlin UP-TO-DATE
> Task :expo-application:compileReleaseKotlin UP-TO-DATE
> Task :app:mergeGlobalReleaseJniLibFolders UP-TO-DATE
> Task :expo-asset:compileReleaseKotlin UP-TO-DATE
> Task :expo-crypto:compileReleaseKotlin UP-TO-DATE
> Task :expo-constants:compileReleaseKotlin UP-TO-DATE
> Task :expo-web-browser:compileReleaseKotlin UP-TO-DATE
> Task :expo-device:compileReleaseKotlin UP-TO-DATE
> Task :expo-clipboard:compileReleaseKotlin UP-TO-DATE
> Task :expo-secure-store:compileReleaseKotlin UP-TO-DATE
> Task :expo-keep-awake:compileReleaseJavaWithJavac UP-TO-DATE
> Task :expo-keep-awake:bundleLibCompileToJarRelease UP-TO-DATE
> Task :app:checkGlobalReleaseDuplicateClasses UP-TO-DATE
> Task :expo-image-loader:compileReleaseKotlin UP-TO-DATE
> Task :expo-document-picker:compileReleaseJavaWithJavac UP-TO-DATE
> Task :expo-application:compileReleaseJavaWithJavac UP-TO-DATE
> Task :expo-font:compileReleaseJavaWithJavac UP-TO-DATE
> Task :expo-asset:compileReleaseJavaWithJavac UP-TO-DATE
> Task :expo-crypto:compileReleaseJavaWithJavac UP-TO-DATE
> Task :expo-document-picker:bundleLibCompileToJarRelease UP-TO-DATE
> Task :expo-image-picker:compileReleaseKotlin UP-TO-DATE
> Task :expo-constants:compileReleaseJavaWithJavac UP-TO-DATE
> Task :expo-application:bundleLibCompileToJarRelease UP-TO-DATE
> Task :expo-font:bundleLibCompileToJarRelease UP-TO-DATE
> Task :expo-web-browser:compileReleaseJavaWithJavac UP-TO-DATE
> Task :expo-asset:bundleLibCompileToJarRelease UP-TO-DATE
> Task :expo-keep-awake:extractReleaseAnnotations UP-TO-DATE
> Task :expo-crypto:bundleLibCompileToJarRelease UP-TO-DATE
> Task :expo-device:compileReleaseJavaWithJavac UP-TO-DATE
> Task :app:desugarGlobalReleaseFileDependencies UP-TO-DATE
> Task :expo-constants:bundleLibCompileToJarRelease UP-TO-DATE
> Task :expo-file-system:compileReleaseKotlin UP-TO-DATE
> Task :expo-web-browser:bundleLibCompileToJarRelease UP-TO-DATE
> Task :expo-secure-store:compileReleaseJavaWithJavac UP-TO-DATE
> Task :expo-clipboard:compileReleaseJavaWithJavac UP-TO-DATE
> Task :expo-device:bundleLibCompileToJarRelease UP-TO-DATE
> Task :expo-secure-store:bundleLibCompileToJarRelease UP-TO-DATE
> Task :expo-clipboard:bundleLibCompileToJarRelease UP-TO-DATE
> Task :expo-document-picker:extractReleaseAnnotations UP-TO-DATE
> Task :expo-application:extractReleaseAnnotations UP-TO-DATE
> Task :expo-font:extractReleaseAnnotations UP-TO-DATE
> Task :expo-crypto:extractReleaseAnnotations UP-TO-DATE
> Task :expo-constants:extractReleaseAnnotations UP-TO-DATE
> Task :expo-keep-awake:mergeReleaseGeneratedProguardFiles UP-TO-DATE
> Task :expo-device:extractReleaseAnnotations UP-TO-DATE
> Task :expo-image-loader:compileReleaseJavaWithJavac UP-TO-DATE
> Task :expo-secure-store:extractReleaseAnnotations UP-TO-DATE
> Task :expo-clipboard:extractReleaseAnnotations UP-TO-DATE
> Task :expo-image-loader:bundleLibCompileToJarRelease UP-TO-DATE
> Task :expo-document-picker:mergeReleaseGeneratedProguardFiles UP-TO-DATE
> Task :expo-keep-awake:mergeReleaseConsumerProguardFiles UP-TO-DATE
> Task :expo-image-picker:compileReleaseJavaWithJavac UP-TO-DATE
> Task :expo-application:mergeReleaseGeneratedProguardFiles UP-TO-DATE
> Task :expo-font:mergeReleaseGeneratedProguardFiles UP-TO-DATE
> Task :expo-image-picker:bundleLibCompileToJarRelease UP-TO-DATE
> Task :expo-asset:extractReleaseAnnotations UP-TO-DATE
> Task :expo-document-picker:mergeReleaseConsumerProguardFiles UP-TO-DATE
> Task :expo-crypto:mergeReleaseGeneratedProguardFiles UP-TO-DATE
> Task :expo-device:mergeReleaseGeneratedProguardFiles UP-TO-DATE
> Task :expo-constants:mergeReleaseGeneratedProguardFiles UP-TO-DATE
> Task :expo-web-browser:extractReleaseAnnotations UP-TO-DATE
> Task :expo-application:mergeReleaseConsumerProguardFiles UP-TO-DATE
> Task :expo-font:mergeReleaseConsumerProguardFiles UP-TO-DATE
> Task :expo-file-system:compileReleaseJavaWithJavac UP-TO-DATE
> Task :expo-clipboard:mergeReleaseGeneratedProguardFiles UP-TO-DATE
> Task :expo-device:mergeReleaseConsumerProguardFiles UP-TO-DATE
> Task :expo-crypto:mergeReleaseConsumerProguardFiles UP-TO-DATE
> Task :expo-constants:mergeReleaseConsumerProguardFiles UP-TO-DATE
> Task :expo-file-system:bundleLibCompileToJarRelease UP-TO-DATE
> Task :expo-clipboard:mergeReleaseConsumerProguardFiles UP-TO-DATE
> Task :expo-image-picker:extractReleaseAnnotations UP-TO-DATE
> Task :expo-image-loader:extractReleaseAnnotations UP-TO-DATE
> Task :expo-asset:mergeReleaseGeneratedProguardFiles UP-TO-DATE
> Task :expo-keep-awake:processReleaseJavaRes UP-TO-DATE
> Task :expo-web-browser:mergeReleaseGeneratedProguardFiles UP-TO-DATE
> Task :expo-asset:mergeReleaseConsumerProguardFiles UP-TO-DATE
> Task :expo-document-picker:processReleaseJavaRes UP-TO-DATE
> Task :expo-file-system:extractReleaseAnnotations UP-TO-DATE
> Task :expo-web-browser:mergeReleaseConsumerProguardFiles UP-TO-DATE
> Task :expo-application:processReleaseJavaRes UP-TO-DATE
> Task :expo-image-picker:mergeReleaseGeneratedProguardFiles UP-TO-DATE
> Task :expo-image-loader:mergeReleaseGeneratedProguardFiles UP-TO-DATE
> Task :expo-device:processReleaseJavaRes UP-TO-DATE
> Task :expo-crypto:processReleaseJavaRes UP-TO-DATE
> Task :expo-keep-awake:mergeReleaseJavaResource UP-TO-DATE
> Task :expo-constants:processReleaseJavaRes UP-TO-DATE
> Task :expo-clipboard:processReleaseJavaRes UP-TO-DATE
> Task :expo-image-picker:mergeReleaseConsumerProguardFiles UP-TO-DATE
> Task :expo-image-loader:mergeReleaseConsumerProguardFiles UP-TO-DATE
> Task :expo-document-picker:mergeReleaseJavaResource UP-TO-DATE
> Task :expo-file-system:mergeReleaseGeneratedProguardFiles UP-TO-DATE
> Task :expo-modules-core:configureCMakeRelWithDebInfo[arm64-v8a]
> Task :expo-application:mergeReleaseJavaResource UP-TO-DATE
> Task :expo-asset:processReleaseJavaRes UP-TO-DATE
> Task :expo-file-system:mergeReleaseConsumerProguardFiles UP-TO-DATE
> Task :expo-constants:mergeReleaseJavaResource UP-TO-DATE
> Task :expo-device:mergeReleaseJavaResource UP-TO-DATE
> Task :expo-web-browser:processReleaseJavaRes UP-TO-DATE
> Task :expo-clipboard:mergeReleaseJavaResource UP-TO-DATE
> Task :expo-crypto:mergeReleaseJavaResource UP-TO-DATE
> Task :expo-keep-awake:syncReleaseLibJars UP-TO-DATE
> Task :expo-secure-store:mergeReleaseGeneratedProguardFiles UP-TO-DATE
> Task :expo-document-picker:syncReleaseLibJars UP-TO-DATE
> Task :expo-keep-awake:bundleReleaseLocalLintAar UP-TO-DATE
> Task :expo-image-loader:processReleaseJavaRes UP-TO-DATE
> Task :expo-asset:mergeReleaseJavaResource UP-TO-DATE
> Task :expo-application:syncReleaseLibJars UP-TO-DATE
> Task :expo-image-picker:processReleaseJavaRes UP-TO-DATE
> Task :expo-document-picker:bundleReleaseLocalLintAar UP-TO-DATE
> Task :expo-secure-store:mergeReleaseConsumerProguardFiles UP-TO-DATE
> Task :expo-web-browser:mergeReleaseJavaResource UP-TO-DATE
> Task :expo-font:processReleaseJavaRes UP-TO-DATE
> Task :expo-keep-awake:bundleLibRuntimeToJarRelease UP-TO-DATE
> Task :expo-application:bundleReleaseLocalLintAar UP-TO-DATE
> Task :expo-file-system:processReleaseJavaRes UP-TO-DATE
> Task :expo-constants:syncReleaseLibJars UP-TO-DATE
> Task :expo-document-picker:bundleLibRuntimeToJarRelease UP-TO-DATE
> Task :expo-device:syncReleaseLibJars UP-TO-DATE
> Task :expo-keep-awake:createFullJarRelease UP-TO-DATE
> Task :expo-clipboard:syncReleaseLibJars UP-TO-DATE
> Task :expo-crypto:syncReleaseLibJars UP-TO-DATE
> Task :expo-application:bundleLibRuntimeToJarRelease UP-TO-DATE
> Task :app:mergeExtDexGlobalRelease UP-TO-DATE
> Task :expo-constants:bundleReleaseLocalLintAar UP-TO-DATE
> Task :expo-image-loader:mergeReleaseJavaResource UP-TO-DATE
> Task :expo-document-picker:createFullJarRelease UP-TO-DATE
> Task :expo-device:bundleReleaseLocalLintAar UP-TO-DATE
> Task :expo-image-picker:mergeReleaseJavaResource UP-TO-DATE
> Task :expo-clipboard:bundleReleaseLocalLintAar UP-TO-DATE
> Task :expo-font:mergeReleaseJavaResource UP-TO-DATE
> Task :expo-crypto:bundleReleaseLocalLintAar UP-TO-DATE
> Task :expo-application:createFullJarRelease UP-TO-DATE
> Task :expo-asset:syncReleaseLibJars UP-TO-DATE
> Task :expo-constants:bundleLibRuntimeToJarRelease UP-TO-DATE
> Task :expo-web-browser:syncReleaseLibJars UP-TO-DATE
> Task :expo-device:bundleLibRuntimeToJarRelease UP-TO-DATE
> Task :expo-file-system:mergeReleaseJavaResource UP-TO-DATE
> Task :expo-secure-store:processReleaseJavaRes UP-TO-DATE
> Task :app:mergeGlobalReleaseShaders UP-TO-DATE
> Task :expo-clipboard:bundleLibRuntimeToJarRelease UP-TO-DATE
> Task :expo-crypto:bundleLibRuntimeToJarRelease UP-TO-DATE
> Task :expo-asset:bundleReleaseLocalLintAar UP-TO-DATE
> Task :app:compileGlobalReleaseShaders NO-SOURCE
> Task :app:generateGlobalReleaseAssets UP-TO-DATE
> Task :expo-web-browser:bundleReleaseLocalLintAar UP-TO-DATE
> Task :expo-constants:createFullJarRelease UP-TO-DATE
> Task :expo-device:createFullJarRelease UP-TO-DATE
> Task :expo-clipboard:createFullJarRelease UP-TO-DATE
> Task :expo-crypto:createFullJarRelease UP-TO-DATE
> Task :expo-asset:bundleLibRuntimeToJarRelease UP-TO-DATE
> Task :expo-image-loader:syncReleaseLibJars UP-TO-DATE
> Task :expo-web-browser:bundleLibRuntimeToJarRelease UP-TO-DATE
> Task :expo-asset:createFullJarRelease UP-TO-DATE
> Task :app:optimizeGlobalReleaseResources UP-TO-DATE
> Task :expo-image-picker:syncReleaseLibJars UP-TO-DATE
> Task :expo-image-loader:bundleReleaseLocalLintAar UP-TO-DATE
> Task :expo-web-browser:createFullJarRelease UP-TO-DATE
> Task :expo-secure-store:mergeReleaseJavaResource UP-TO-DATE
> Task :expo-font:syncReleaseLibJars UP-TO-DATE
> Task :expo-file-system:syncReleaseLibJars UP-TO-DATE
> Task :expo-image-picker:bundleReleaseLocalLintAar UP-TO-DATE
> Task :expo-image-loader:bundleLibRuntimeToJarRelease UP-TO-DATE
> Task :app:collectGlobalReleaseDependencies UP-TO-DATE
> Task :expo-font:bundleReleaseLocalLintAar UP-TO-DATE
> Task :expo-file-system:bundleReleaseLocalLintAar UP-TO-DATE
> Task :expo-image-picker:bundleLibRuntimeToJarRelease UP-TO-DATE
> Task :expo-image-loader:createFullJarRelease UP-TO-DATE
> Task :expo-font:bundleLibRuntimeToJarRelease UP-TO-DATE
> Task :expo-file-system:bundleLibRuntimeToJarRelease UP-TO-DATE
> Task :expo-image-picker:createFullJarRelease UP-TO-DATE
> Task :expo-font:createFullJarRelease UP-TO-DATE
> Task :expo-file-system:createFullJarRelease UP-TO-DATE
> Task :app:sdkGlobalReleaseDependencyData UP-TO-DATE
> Task :expo-secure-store:syncReleaseLibJars UP-TO-DATE
> Task :expo-secure-store:bundleReleaseLocalLintAar UP-TO-DATE
> Task :app:validateSigningGlobalRelease UP-TO-DATE
> Task :expo-secure-store:bundleLibRuntimeToJarRelease UP-TO-DATE
> Task :app:writeGlobalReleaseAppMetadata UP-TO-DATE
> Task :expo-secure-store:createFullJarRelease UP-TO-DATE
> Task :app:writeGlobalReleaseSigningConfigVersions UP-TO-DATE
> Task :react-native-screens:configureCMakeRelWithDebInfo[armeabi-v7a]
> Task :expo-notifications:compileReleaseKotlin UP-TO-DATE
> Task :react-native-screens:buildCMakeRelWithDebInfo[armeabi-v7a]
> Task :expo-notifications:compileReleaseJavaWithJavac UP-TO-DATE
> Task :expo-notifications:bundleLibCompileToJarRelease UP-TO-DATE
> Task :expo-notifications:extractReleaseAnnotations UP-TO-DATE
> Task :expo-notifications:mergeReleaseGeneratedProguardFiles UP-TO-DATE
> Task :expo-notifications:mergeReleaseConsumerProguardFiles UP-TO-DATE
> Task :expo-notifications:processReleaseJavaRes UP-TO-DATE
> Task :expo-notifications:mergeReleaseJavaResource UP-TO-DATE
> Task :expo-notifications:syncReleaseLibJars UP-TO-DATE
> Task :expo-notifications:bundleReleaseLocalLintAar UP-TO-DATE
> Task :expo-notifications:bundleLibRuntimeToJarRelease UP-TO-DATE
> Task :expo-notifications:createFullJarRelease UP-TO-DATE
> Task :react-native-screens:configureCMakeRelWithDebInfo[x86]
> Task :expo-modules-core:buildCMakeRelWithDebInfo[arm64-v8a]
> Task :expo:compileReleaseKotlin UP-TO-DATE
> Task :expo:compileReleaseJavaWithJavac UP-TO-DATE
> Task :expo:bundleLibCompileToJarRelease UP-TO-DATE
> Task :expo:bundleLibRuntimeToJarRelease UP-TO-DATE
> Task :expo:processReleaseJavaRes UP-TO-DATE
> Task :expo:createFullJarRelease UP-TO-DATE
> Task :expo:extractReleaseAnnotations UP-TO-DATE
> Task :react-native-screens:buildCMakeRelWithDebInfo[x86]
> Task :expo:mergeReleaseGeneratedProguardFiles UP-TO-DATE
> Task :expo:mergeReleaseConsumerProguardFiles UP-TO-DATE
> Task :expo:mergeReleaseJavaResource UP-TO-DATE
> Task :expo:syncReleaseLibJars UP-TO-DATE
> Task :expo:bundleReleaseLocalLintAar UP-TO-DATE
> Task :expo-modules-core:configureCMakeRelWithDebInfo[armeabi-v7a] FAILED
> Task :app:compileGlobalReleaseKotlin UP-TO-DATE
> Task :react-native-screens:configureCMakeRelWithDebInfo[x86_64]

FAILURE: Build failed with an exception.

* What went wrong:
Execution failed for task ':expo-modules-core:configureCMakeRelWithDebInfo[armeabi-v7a]'.
> java.io.FileNotFoundException: /mnt/d/trae_projects/linkchest/project/node_modules/expo-modules-core/android/.cxx/RelWithDebInfo/1j2134go/armeabi-v7a/configure_fingerprint.bin (No such file or directory)

* Try:
> Run with --stacktrace option to get the stack trace.
> Run with --info or --debug option to get more log output.
> Run with --scan to get full insights.
> Get more help at https://help.gradle.org.

Deprecated Gradle features were used in this build, making it incompatible with Gradle 9.0.

You can use '--warning-mode all' to show the individual deprecation warnings and determine if they come from your own scripts or plugins.

For more on this, please refer to https://docs.gradle.org/8.8/userguide/command_line_interface.html#sec:command_line_warnings in the Gradle documentation.

BUILD FAILED in 2m 45s
1015 actionable tasks: 34 executed, 981 up-to-date

========================================
❌ GLOBAL BUILD FAILED (exit code 1)
========================================

⚠️  未匹配到已知案例
📖 请查阅: .trae/rules/cases/apk-build-errors.md
📝 建议记录为新案例

=== 日志最后 50 行 ===
> Task :expo-notifications:compileReleaseJavaWithJavac UP-TO-DATE
> Task :expo-notifications:bundleLibCompileToJarRelease UP-TO-DATE
> Task :expo-notifications:extractReleaseAnnotations UP-TO-DATE
> Task :expo-notifications:mergeReleaseGeneratedProguardFiles UP-TO-DATE
> Task :expo-notifications:mergeReleaseConsumerProguardFiles UP-TO-DATE
> Task :expo-notifications:processReleaseJavaRes UP-TO-DATE
> Task :expo-notifications:mergeReleaseJavaResource UP-TO-DATE
> Task :expo-notifications:syncReleaseLibJars UP-TO-DATE
> Task :expo-notifications:bundleReleaseLocalLintAar UP-TO-DATE
> Task :expo-notifications:bundleLibRuntimeToJarRelease UP-TO-DATE
> Task :expo-notifications:createFullJarRelease UP-TO-DATE
> Task :react-native-screens:configureCMakeRelWithDebInfo[x86]
> Task :expo-modules-core:buildCMakeRelWithDebInfo[arm64-v8a]
> Task :expo:compileReleaseKotlin UP-TO-DATE
> Task :expo:compileReleaseJavaWithJavac UP-TO-DATE
> Task :expo:bundleLibCompileToJarRelease UP-TO-DATE
> Task :expo:bundleLibRuntimeToJarRelease UP-TO-DATE
> Task :expo:processReleaseJavaRes UP-TO-DATE
> Task :expo:createFullJarRelease UP-TO-DATE
> Task :expo:extractReleaseAnnotations UP-TO-DATE
> Task :react-native-screens:buildCMakeRelWithDebInfo[x86]
> Task :expo:mergeReleaseGeneratedProguardFiles UP-TO-DATE
> Task :expo:mergeReleaseConsumerProguardFiles UP-TO-DATE
> Task :expo:mergeReleaseJavaResource UP-TO-DATE
> Task :expo:syncReleaseLibJars UP-TO-DATE
> Task :expo:bundleReleaseLocalLintAar UP-TO-DATE
> Task :expo-modules-core:configureCMakeRelWithDebInfo[armeabi-v7a] FAILED
> Task :app:compileGlobalReleaseKotlin UP-TO-DATE
> Task :react-native-screens:configureCMakeRelWithDebInfo[x86_64]

FAILURE: Build failed with an exception.

* What went wrong:
Execution failed for task ':expo-modules-core:configureCMakeRelWithDebInfo[armeabi-v7a]'.
> java.io.FileNotFoundException: /mnt/d/trae_projects/linkchest/project/node_modules/expo-modules-core/android/.cxx/RelWithDebInfo/1j2134go/armeabi-v7a/configure_fingerprint.bin (No such file or directory)

* Try:
> Run with --stacktrace option to get the stack trace.
> Run with --info or --debug option to get more log output.
> Run with --scan to get full insights.
> Get more help at https://help.gradle.org.

Deprecated Gradle features were used in this build, making it incompatible with Gradle 9.0.

You can use '--warning-mode all' to show the individual deprecation warnings and determine if they come from your own scripts or plugins.

For more on this, please refer to https://docs.gradle.org/8.8/userguide/command_line_interface.html#sec:command_line_warnings in the Gradle documentation.

BUILD FAILED in 2m 45s
1015 actionable tasks: 34 executed, 981 up-to-date
